{"/home/runner/work/sc-data-gathering-service/sc-data-gathering-service/src/main.ts": {"path":"/home/runner/work/sc-data-gathering-service/sc-data-gathering-service/src/main.ts","statementMap":{"0":{"start":{"line":1,"column":0},"end":{"line":1,"column":38}},"1":{"start":{"line":3,"column":0},"end":{"line":3,"column":null}}},"fnMap":{},"branchMap":{},"s":{"0":0,"1":0},"f":{},"b":{}}
,"/home/runner/work/sc-data-gathering-service/sc-data-gathering-service/src/supervisor.ts": {"path":"/home/runner/work/sc-data-gathering-service/sc-data-gathering-service/src/supervisor.ts","statementMap":{"0":{"start":{"line":1,"column":0},"end":{"line":1,"column":30}},"1":{"start":{"line":2,"column":0},"end":{"line":2,"column":61}},"2":{"start":{"line":3,"column":0},"end":{"line":3,"column":24}},"3":{"start":{"line":5,"column":0},"end":{"line":5,"column":48}},"4":{"start":{"line":6,"column":0},"end":{"line":6,"column":36}},"5":{"start":{"line":7,"column":0},"end":{"line":7,"column":45}},"6":{"start":{"line":27,"column":35},"end":{"line":27,"column":37}},"7":{"start":{"line":28,"column":64},"end":{"line":28,"column":66}},"8":{"start":{"line":29,"column":61},"end":{"line":29,"column":63}},"9":{"start":{"line":32,"column":2},"end":{"line":38,"column":5}},"10":{"start":{"line":39,"column":2},"end":{"line":47,"column":5}},"11":{"start":{"line":49,"column":2},"end":{"line":62,"column":5}},"12":{"start":{"line":64,"column":2},"end":{"line":64,"column":45}},"13":{"start":{"line":74,"column":2},"end":{"line":80,"column":3}},"14":{"start":{"line":75,"column":3},"end":{"line":78,"column":5}},"15":{"start":{"line":79,"column":3},"end":{"line":79,"column":61}},"16":{"start":{"line":81,"column":2},"end":{"line":84,"column":4}},"17":{"start":{"line":86,"column":2},"end":{"line":123,"column":3}},"18":{"start":{"line":86,"column":15},"end":{"line":86,"column":16}},"19":{"start":{"line":87,"column":22},"end":{"line":89,"column":null}},"20":{"start":{"line":92,"column":25},"end":{"line":104,"column":null}},"21":{"start":{"line":108,"column":3},"end":{"line":117,"column":6}},"22":{"start":{"line":109,"column":4},"end":{"line":111,"column":6}},"23":{"start":{"line":110,"column":12},"end":{"line":110,"column":39}},"24":{"start":{"line":112,"column":4},"end":{"line":115,"column":6}},"25":{"start":{"line":116,"column":4},"end":{"line":116,"column":69}},"26":{"start":{"line":119,"column":3},"end":{"line":121,"column":5}},"27":{"start":{"line":120,"column":4},"end":{"line":120,"column":57}},"28":{"start":{"line":122,"column":3},"end":{"line":122,"column":36}},"29":{"start":{"line":125,"column":21},"end":{"line":127,"column":21}},"30":{"start":{"line":126,"column":18},"end":{"line":126,"column":67}},"31":{"start":{"line":126,"column":45},"end":{"line":126,"column":66}},"32":{"start":{"line":127,"column":15},"end":{"line":127,"column":20}},"33":{"start":{"line":129,"column":2},"end":{"line":132,"column":4}},"34":{"start":{"line":135,"column":2},"end":{"line":135,"column":37}},"35":{"start":{"line":140,"column":53},"end":{"line":140,"column":60}},"36":{"start":{"line":142,"column":2},"end":{"line":166,"column":5}},"37":{"start":{"line":143,"column":3},"end":{"line":147,"column":4}},"38":{"start":{"line":144,"column":4},"end":{"line":144,"column":64}},"39":{"start":{"line":144,"column":52},"end":{"line":144,"column":62}},"40":{"start":{"line":145,"column":4},"end":{"line":145,"column":53}},"41":{"start":{"line":146,"column":4},"end":{"line":146,"column":11}},"42":{"start":{"line":149,"column":3},"end":{"line":158,"column":4}},"43":{"start":{"line":150,"column":4},"end":{"line":157,"column":6}},"44":{"start":{"line":161,"column":3},"end":{"line":165,"column":4}},"45":{"start":{"line":163,"column":5},"end":{"line":163,"column":48}},"46":{"start":{"line":164,"column":4},"end":{"line":164,"column":53}},"47":{"start":{"line":170,"column":53},"end":{"line":170,"column":60}},"48":{"start":{"line":171,"column":2},"end":{"line":262,"column":5}},"49":{"start":{"line":173,"column":4},"end":{"line":173,"column":55}},"50":{"start":{"line":174,"column":3},"end":{"line":176,"column":5}},"51":{"start":{"line":178,"column":3},"end":{"line":180,"column":5}},"52":{"start":{"line":182,"column":26},"end":{"line":192,"column":5}},"53":{"start":{"line":183,"column":29},"end":{"line":184,"column":null}},"54":{"start":{"line":184,"column":5},"end":{"line":184,"column":30}},"55":{"start":{"line":186,"column":20},"end":{"line":186,"column":46}},"56":{"start":{"line":188,"column":5},"end":{"line":190,"column":21}},"57":{"start":{"line":191,"column":4},"end":{"line":191,"column":51}},"58":{"start":{"line":194,"column":3},"end":{"line":194,"column":49}},"59":{"start":{"line":196,"column":3},"end":{"line":206,"column":4}},"60":{"start":{"line":197,"column":4},"end":{"line":200,"column":6}},"61":{"start":{"line":201,"column":19},"end":{"line":202,"column":null}},"62":{"start":{"line":202,"column":12},"end":{"line":202,"column":31}},"63":{"start":{"line":204,"column":4},"end":{"line":204,"column":43}},"64":{"start":{"line":204,"column":16},"end":{"line":204,"column":43}},"65":{"start":{"line":205,"column":4},"end":{"line":205,"column":11}},"66":{"start":{"line":208,"column":3},"end":{"line":223,"column":4}},"67":{"start":{"line":209,"column":4},"end":{"line":213,"column":6}},"68":{"start":{"line":214,"column":4},"end":{"line":217,"column":6}},"69":{"start":{"line":218,"column":4},"end":{"line":221,"column":7}},"70":{"start":{"line":222,"column":4},"end":{"line":222,"column":11}},"71":{"start":{"line":225,"column":3},"end":{"line":229,"column":4}},"72":{"start":{"line":226,"column":4},"end":{"line":228,"column":6}},"73":{"start":{"line":227,"column":17},"end":{"line":227,"column":41}},"74":{"start":{"line":231,"column":3},"end":{"line":244,"column":4}},"75":{"start":{"line":232,"column":4},"end":{"line":236,"column":6}},"76":{"start":{"line":237,"column":4},"end":{"line":242,"column":13}},"77":{"start":{"line":238,"column":5},"end":{"line":241,"column":7}},"78":{"start":{"line":243,"column":4},"end":{"line":243,"column":11}},"79":{"start":{"line":246,"column":24},"end":{"line":246,"column":43}},"80":{"start":{"line":247,"column":3},"end":{"line":261,"column":4}},"81":{"start":{"line":248,"column":4},"end":{"line":250,"column":6}},"82":{"start":{"line":251,"column":4},"end":{"line":251,"column":31}},"83":{"start":{"line":252,"column":4},"end":{"line":255,"column":6}},"84":{"start":{"line":257,"column":4},"end":{"line":260,"column":6}},"85":{"start":{"line":266,"column":2},"end":{"line":266,"column":62}},"86":{"start":{"line":270,"column":21},"end":{"line":273,"column":17}},"87":{"start":{"line":275,"column":2},"end":{"line":278,"column":4}},"88":{"start":{"line":279,"column":2},"end":{"line":279,"column":16}},"89":{"start":{"line":280,"column":2},"end":{"line":283,"column":5}},"90":{"start":{"line":286,"column":2},"end":{"line":286,"column":41}},"91":{"start":{"line":294,"column":2},"end":{"line":294,"column":26}},"92":{"start":{"line":294,"column":19},"end":{"line":294,"column":26}},"93":{"start":{"line":295,"column":2},"end":{"line":297,"column":3}},"94":{"start":{"line":296,"column":3},"end":{"line":296,"column":41}},"95":{"start":{"line":299,"column":2},"end":{"line":308,"column":3}},"96":{"start":{"line":301,"column":11},"end":{"line":301,"column":44}},"97":{"start":{"line":304,"column":3},"end":{"line":307,"column":6}},"98":{"start":{"line":312,"column":2},"end":{"line":312,"column":63}},"99":{"start":{"line":312,"column":56},"end":{"line":312,"column":63}},"100":{"start":{"line":313,"column":2},"end":{"line":315,"column":49}},"101":{"start":{"line":315,"column":20},"end":{"line":315,"column":47}},"102":{"start":{"line":319,"column":19},"end":{"line":319,"column":51}},"103":{"start":{"line":320,"column":2},"end":{"line":320,"column":49}},"104":{"start":{"line":320,"column":42},"end":{"line":320,"column":49}},"105":{"start":{"line":321,"column":2},"end":{"line":324,"column":4}},"106":{"start":{"line":327,"column":26},"end":{"line":331,"column":null}},"107":{"start":{"line":329,"column":4},"end":{"line":331,"column":35}},"108":{"start":{"line":330,"column":5},"end":{"line":330,"column":30}},"109":{"start":{"line":334,"column":2},"end":{"line":340,"column":3}},"110":{"start":{"line":335,"column":3},"end":{"line":338,"column":5}},"111":{"start":{"line":339,"column":3},"end":{"line":339,"column":10}},"112":{"start":{"line":342,"column":2},"end":{"line":355,"column":5}},"113":{"start":{"line":343,"column":3},"end":{"line":354,"column":4}},"114":{"start":{"line":344,"column":4},"end":{"line":344,"column":30}},"115":{"start":{"line":345,"column":4},"end":{"line":348,"column":6}},"116":{"start":{"line":350,"column":4},"end":{"line":353,"column":6}},"117":{"start":{"line":359,"column":2},"end":{"line":359,"column":62}},"118":{"start":{"line":26,"column":0},"end":{"line":26,"column":21}}},"fnMap":{"0":{"name":"(anonymous_1)","decl":{"start":{"line":31,"column":1},"end":{"line":31,"column":null}},"loc":{"start":{"line":31,"column":1},"end":{"line":65,"column":2}}},"1":{"name":"(anonymous_2)","decl":{"start":{"line":67,"column":1},"end":{"line":67,"column":13}},"loc":{"start":{"line":73,"column":23},"end":{"line":136,"column":2}}},"2":{"name":"(anonymous_3)","decl":{"start":{"line":108,"column":28},"end":{"line":108,"column":31}},"loc":{"start":{"line":108,"column":33},"end":{"line":117,"column":4}}},"3":{"name":"(anonymous_4)","decl":{"start":{"line":110,"column":5},"end":{"line":110,"column":6}},"loc":{"start":{"line":110,"column":12},"end":{"line":110,"column":39}}},"4":{"name":"(anonymous_5)","decl":{"start":{"line":119,"column":31},"end":{"line":119,"column":32}},"loc":{"start":{"line":120,"column":4},"end":{"line":120,"column":57}}},"5":{"name":"(anonymous_6)","decl":{"start":{"line":126,"column":11},"end":{"line":126,"column":12}},"loc":{"start":{"line":126,"column":18},"end":{"line":126,"column":67}}},"6":{"name":"(anonymous_7)","decl":{"start":{"line":126,"column":35},"end":{"line":126,"column":36}},"loc":{"start":{"line":126,"column":45},"end":{"line":126,"column":66}}},"7":{"name":"(anonymous_8)","decl":{"start":{"line":127,"column":8},"end":{"line":127,"column":9}},"loc":{"start":{"line":127,"column":15},"end":{"line":127,"column":20}}},"8":{"name":"(anonymous_9)","decl":{"start":{"line":139,"column":1},"end":{"line":139,"column":20}},"loc":{"start":{"line":139,"column":56},"end":{"line":167,"column":2}}},"9":{"name":"(anonymous_10)","decl":{"start":{"line":142,"column":22},"end":{"line":142,"column":23}},"loc":{"start":{"line":142,"column":31},"end":{"line":166,"column":3}}},"10":{"name":"(anonymous_11)","decl":{"start":{"line":144,"column":45},"end":{"line":144,"column":46}},"loc":{"start":{"line":144,"column":52},"end":{"line":144,"column":62}}},"11":{"name":"(anonymous_12)","decl":{"start":{"line":169,"column":1},"end":{"line":169,"column":24}},"loc":{"start":{"line":169,"column":60},"end":{"line":263,"column":2}}},"12":{"name":"(anonymous_13)","decl":{"start":{"line":171,"column":22},"end":{"line":171,"column":23}},"loc":{"start":{"line":171,"column":31},"end":{"line":262,"column":3}}},"13":{"name":"(anonymous_14)","decl":{"start":{"line":182,"column":46},"end":{"line":182,"column":47}},"loc":{"start":{"line":182,"column":57},"end":{"line":192,"column":4}}},"14":{"name":"(anonymous_15)","decl":{"start":{"line":183,"column":51},"end":{"line":183,"column":52}},"loc":{"start":{"line":184,"column":5},"end":{"line":184,"column":30}}},"15":{"name":"(anonymous_16)","decl":{"start":{"line":202,"column":5},"end":{"line":202,"column":6}},"loc":{"start":{"line":202,"column":12},"end":{"line":202,"column":31}}},"16":{"name":"(anonymous_17)","decl":{"start":{"line":227,"column":5},"end":{"line":227,"column":6}},"loc":{"start":{"line":227,"column":17},"end":{"line":227,"column":41}}},"17":{"name":"(anonymous_18)","decl":{"start":{"line":237,"column":15},"end":{"line":237,"column":18}},"loc":{"start":{"line":237,"column":20},"end":{"line":242,"column":5}}},"18":{"name":"(anonymous_19)","decl":{"start":{"line":265,"column":1},"end":{"line":265,"column":18}},"loc":{"start":{"line":265,"column":31},"end":{"line":267,"column":2}}},"19":{"name":"(anonymous_20)","decl":{"start":{"line":269,"column":1},"end":{"line":269,"column":14}},"loc":{"start":{"line":269,"column":35},"end":{"line":287,"column":2}}},"20":{"name":"(anonymous_21)","decl":{"start":{"line":293,"column":9},"end":{"line":293,"column":28}},"loc":{"start":{"line":293,"column":65},"end":{"line":309,"column":2}}},"21":{"name":"(anonymous_22)","decl":{"start":{"line":301,"column":4},"end":{"line":301,"column":5}},"loc":{"start":{"line":301,"column":11},"end":{"line":301,"column":44}}},"22":{"name":"(anonymous_23)","decl":{"start":{"line":311,"column":9},"end":{"line":311,"column":29}},"loc":{"start":{"line":311,"column":67},"end":{"line":316,"column":2}}},"23":{"name":"(anonymous_24)","decl":{"start":{"line":315,"column":11},"end":{"line":315,"column":12}},"loc":{"start":{"line":315,"column":20},"end":{"line":315,"column":47}}},"24":{"name":"(anonymous_25)","decl":{"start":{"line":318,"column":9},"end":{"line":318,"column":30}},"loc":{"start":{"line":318,"column":49},"end":{"line":356,"column":2}}},"25":{"name":"(anonymous_26)","decl":{"start":{"line":328,"column":3},"end":{"line":328,"column":4}},"loc":{"start":{"line":329,"column":4},"end":{"line":331,"column":35}}},"26":{"name":"(anonymous_27)","decl":{"start":{"line":329,"column":26},"end":{"line":329,"column":27}},"loc":{"start":{"line":330,"column":5},"end":{"line":330,"column":30}}},"27":{"name":"(anonymous_28)","decl":{"start":{"line":342,"column":19},"end":{"line":342,"column":20}},"loc":{"start":{"line":342,"column":27},"end":{"line":355,"column":3}}},"28":{"name":"(anonymous_29)","decl":{"start":{"line":358,"column":9},"end":{"line":358,"column":22}},"loc":{"start":{"line":358,"column":43},"end":{"line":360,"column":2}}}},"branchMap":{"0":{"loc":{"start":{"line":74,"column":2},"end":{"line":80,"column":3}},"type":"if","locations":[{"start":{"line":74,"column":2},"end":{"line":80,"column":3}},{"start":{},"end":{}}]},"1":{"loc":{"start":{"line":143,"column":3},"end":{"line":147,"column":4}},"type":"if","locations":[{"start":{"line":143,"column":3},"end":{"line":147,"column":4}},{"start":{},"end":{}}]},"2":{"loc":{"start":{"line":149,"column":3},"end":{"line":158,"column":4}},"type":"if","locations":[{"start":{"line":149,"column":3},"end":{"line":158,"column":4}},{"start":{},"end":{}}]},"3":{"loc":{"start":{"line":161,"column":3},"end":{"line":165,"column":4}},"type":"if","locations":[{"start":{"line":161,"column":3},"end":{"line":165,"column":4}},{"start":{},"end":{}}]},"4":{"loc":{"start":{"line":161,"column":7},"end":{"line":161,"column":44}},"type":"binary-expr","locations":[{"start":{"line":161,"column":7},"end":{"line":161,"column":29}},{"start":{"line":161,"column":33},"end":{"line":161,"column":44}}]},"5":{"loc":{"start":{"line":163,"column":5},"end":{"line":163,"column":48}},"type":"binary-expr","locations":[{"start":{"line":163,"column":5},"end":{"line":163,"column":42}},{"start":{"line":163,"column":46},"end":{"line":163,"column":48}}]},"6":{"loc":{"start":{"line":173,"column":4},"end":{"line":173,"column":55}},"type":"binary-expr","locations":[{"start":{"line":173,"column":4},"end":{"line":173,"column":42}},{"start":{"line":173,"column":46},"end":{"line":173,"column":55}}]},"7":{"loc":{"start":{"line":191,"column":11},"end":{"line":191,"column":50}},"type":"binary-expr","locations":[{"start":{"line":191,"column":11},"end":{"line":191,"column":27}},{"start":{"line":191,"column":31},"end":{"line":191,"column":38}},{"start":{"line":191,"column":42},"end":{"line":191,"column":50}}]},"8":{"loc":{"start":{"line":196,"column":3},"end":{"line":206,"column":4}},"type":"if","locations":[{"start":{"line":196,"column":3},"end":{"line":206,"column":4}},{"start":{},"end":{}}]},"9":{"loc":{"start":{"line":204,"column":4},"end":{"line":204,"column":43}},"type":"if","locations":[{"start":{"line":204,"column":4},"end":{"line":204,"column":43}},{"start":{},"end":{}}]},"10":{"loc":{"start":{"line":208,"column":3},"end":{"line":223,"column":4}},"type":"if","locations":[{"start":{"line":208,"column":3},"end":{"line":223,"column":4}},{"start":{},"end":{}}]},"11":{"loc":{"start":{"line":225,"column":3},"end":{"line":229,"column":4}},"type":"if","locations":[{"start":{"line":225,"column":3},"end":{"line":229,"column":4}},{"start":{},"end":{}}]},"12":{"loc":{"start":{"line":225,"column":7},"end":{"line":225,"column":54}},"type":"binary-expr","locations":[{"start":{"line":225,"column":7},"end":{"line":225,"column":26}},{"start":{"line":225,"column":30},"end":{"line":225,"column":54}}]},"13":{"loc":{"start":{"line":231,"column":3},"end":{"line":244,"column":4}},"type":"if","locations":[{"start":{"line":231,"column":3},"end":{"line":244,"column":4}},{"start":{},"end":{}}]},"14":{"loc":{"start":{"line":247,"column":3},"end":{"line":261,"column":4}},"type":"if","locations":[{"start":{"line":247,"column":3},"end":{"line":261,"column":4}},{"start":{"line":256,"column":10},"end":{"line":261,"column":4}}]},"15":{"loc":{"start":{"line":294,"column":2},"end":{"line":294,"column":26}},"type":"if","locations":[{"start":{"line":294,"column":2},"end":{"line":294,"column":26}},{"start":{},"end":{}}]},"16":{"loc":{"start":{"line":295,"column":2},"end":{"line":297,"column":3}},"type":"if","locations":[{"start":{"line":295,"column":2},"end":{"line":297,"column":3}},{"start":{},"end":{}}]},"17":{"loc":{"start":{"line":299,"column":2},"end":{"line":308,"column":3}},"type":"if","locations":[{"start":{"line":299,"column":2},"end":{"line":308,"column":3}},{"start":{},"end":{}}]},"18":{"loc":{"start":{"line":312,"column":2},"end":{"line":312,"column":63}},"type":"if","locations":[{"start":{"line":312,"column":2},"end":{"line":312,"column":63}},{"start":{},"end":{}}]},"19":{"loc":{"start":{"line":312,"column":6},"end":{"line":312,"column":54}},"type":"binary-expr","locations":[{"start":{"line":312,"column":6},"end":{"line":312,"column":17}},{"start":{"line":312,"column":21},"end":{"line":312,"column":54}}]},"20":{"loc":{"start":{"line":320,"column":2},"end":{"line":320,"column":49}},"type":"if","locations":[{"start":{"line":320,"column":2},"end":{"line":320,"column":49}},{"start":{},"end":{}}]},"21":{"loc":{"start":{"line":320,"column":6},"end":{"line":320,"column":40}},"type":"binary-expr","locations":[{"start":{"line":320,"column":6},"end":{"line":320,"column":15}},{"start":{"line":320,"column":19},"end":{"line":320,"column":40}}]},"22":{"loc":{"start":{"line":329,"column":4},"end":{"line":331,"column":35}},"type":"binary-expr","locations":[{"start":{"line":329,"column":4},"end":{"line":330,"column":null}},{"start":{"line":331,"column":9},"end":{"line":331,"column":35}}]},"23":{"loc":{"start":{"line":334,"column":2},"end":{"line":340,"column":3}},"type":"if","locations":[{"start":{"line":334,"column":2},"end":{"line":340,"column":3}},{"start":{},"end":{}}]},"24":{"loc":{"start":{"line":359,"column":9},"end":{"line":359,"column":61}},"type":"binary-expr","locations":[{"start":{"line":359,"column":9},"end":{"line":359,"column":15}},{"start":{"line":359,"column":19},"end":{"line":359,"column":43}},{"start":{"line":359,"column":47},"end":{"line":359,"column":61}}]}},"s":{"0":1,"1":1,"2":1,"3":1,"4":1,"5":1,"6":29,"7":29,"8":29,"9":29,"10":29,"11":29,"12":29,"13":99,"14":2,"15":2,"16":97,"17":97,"18":97,"19":95,"20":95,"21":95,"22":2,"23":7,"24":2,"25":2,"26":95,"27":0,"28":95,"29":97,"30":214,"31":642,"32":22,"33":97,"34":97,"35":3,"36":3,"37":4,"38":2,"39":4,"40":2,"41":2,"42":2,"43":1,"44":2,"45":1,"46":1,"47":6,"48":6,"49":6,"50":6,"51":6,"52":6,"53":20,"54":60,"55":20,"56":20,"57":20,"58":6,"59":6,"60":1,"61":1,"62":1,"63":1,"64":1,"65":1,"66":5,"67":4,"68":4,"69":4,"70":4,"71":1,"72":0,"73":0,"74":1,"75":0,"76":0,"77":0,"78":0,"79":1,"80":1,"81":1,"82":1,"83":1,"84":0,"85":0,"86":2,"87":2,"88":2,"89":2,"90":2,"91":18,"92":2,"93":16,"94":14,"95":16,"96":2,"97":15,"98":4,"99":2,"100":2,"101":2,"102":103,"103":103,"104":96,"105":7,"106":7,"107":23,"108":69,"109":7,"110":5,"111":5,"112":2,"113":3,"114":3,"115":2,"116":1,"117":31,"118":1},"f":{"0":29,"1":99,"2":2,"3":7,"4":0,"5":214,"6":642,"7":22,"8":3,"9":4,"10":4,"11":6,"12":6,"13":20,"14":60,"15":1,"16":0,"17":0,"18":0,"19":2,"20":18,"21":2,"22":4,"23":2,"24":103,"25":23,"26":69,"27":3,"28":31},"b":{"0":[2,97],"1":[2,2],"2":[1,1],"3":[1,1],"4":[2,1],"5":[1,0],"6":[6,0],"7":[20,1,1],"8":[1,5],"9":[1,0],"10":[4,1],"11":[0,1],"12":[1,0],"13":[0,1],"14":[1,0],"15":[2,16],"16":[14,2],"17":[15,1],"18":[2,2],"19":[4,4],"20":[96,7],"21":[103,7],"22":[23,5],"23":[5,2],"24":[31,29,22]}}
,"/home/runner/work/sc-data-gathering-service/sc-data-gathering-service/src/configs/env.ts": {"path":"/home/runner/work/sc-data-gathering-service/sc-data-gathering-service/src/configs/env.ts","statementMap":{"0":{"start":{"line":1,"column":0},"end":{"line":1,"column":32}},"1":{"start":{"line":4,"column":0},"end":{"line":4,"column":9}},"2":{"start":{"line":6,"column":13},"end":{"line":12,"column":null}}},"fnMap":{},"branchMap":{},"s":{"0":0,"1":0,"2":0},"f":{},"b":{}}
,"/home/runner/work/sc-data-gathering-service/sc-data-gathering-service/src/configs/worker.ts": {"path":"/home/runner/work/sc-data-gathering-service/sc-data-gathering-service/src/configs/worker.ts","statementMap":{"0":{"start":{"line":1,"column":13},"end":{"line":14,"column":null}}},"fnMap":{},"branchMap":{},"s":{"0":1},"f":{},"b":{}}
,"/home/runner/work/sc-data-gathering-service/sc-data-gathering-service/src/utils/CrawlLockManager.ts": {"path":"/home/runner/work/sc-data-gathering-service/sc-data-gathering-service/src/utils/CrawlLockManager.ts","statementMap":{"0":{"start":{"line":5,"column":0},"end":{"line":5,"column":40}},"1":{"start":{"line":7,"column":41},"end":{"line":7,"column":60}},"2":{"start":{"line":13,"column":15},"end":{"line":13,"column":35}},"3":{"start":{"line":14,"column":17},"end":{"line":14,"column":39}},"4":{"start":{"line":16,"column":2},"end":{"line":19,"column":4}},"5":{"start":{"line":23,"column":15},"end":{"line":23,"column":35}},"6":{"start":{"line":24,"column":15},"end":{"line":24,"column":35}},"7":{"start":{"line":26,"column":2},"end":{"line":29,"column":4}},"8":{"start":{"line":33,"column":2},"end":{"line":33,"column":37}},"9":{"start":{"line":33,"column":27},"end":{"line":33,"column":37}},"10":{"start":{"line":35,"column":23},"end":{"line":37,"column":null}},"11":{"start":{"line":37,"column":4},"end":{"line":37,"column":61}},"12":{"start":{"line":40,"column":30},"end":{"line":40,"column":32}},"13":{"start":{"line":41,"column":21},"end":{"line":41,"column":43}},"14":{"start":{"line":43,"column":2},"end":{"line":52,"column":3}},"15":{"start":{"line":43,"column":15},"end":{"line":43,"column":16}},"16":{"start":{"line":44,"column":21},"end":{"line":44,"column":36}},"17":{"start":{"line":46,"column":3},"end":{"line":51,"column":4}},"18":{"start":{"line":47,"column":4},"end":{"line":47,"column":61}},"19":{"start":{"line":49,"column":4},"end":{"line":49,"column":30}},"20":{"start":{"line":50,"column":4},"end":{"line":50,"column":36}},"21":{"start":{"line":54,"column":2},"end":{"line":54,"column":28}},"22":{"start":{"line":55,"column":2},"end":{"line":55,"column":16}},"23":{"start":{"line":62,"column":2},"end":{"line":62,"column":53}},"24":{"start":{"line":65,"column":15},"end":{"line":65,"column":46}},"25":{"start":{"line":66,"column":17},"end":{"line":69,"column":4}},"26":{"start":{"line":67,"column":33},"end":{"line":67,"column":47}},"27":{"start":{"line":68,"column":3},"end":{"line":68,"column":25}},"28":{"start":{"line":70,"column":2},"end":{"line":73,"column":4}},"29":{"start":{"line":72,"column":4},"end":{"line":72,"column":61}},"30":{"start":{"line":75,"column":2},"end":{"line":75,"column":52}},"31":{"start":{"line":82,"column":2},"end":{"line":84,"column":4}},"32":{"start":{"line":85,"column":15},"end":{"line":85,"column":51}},"33":{"start":{"line":86,"column":2},"end":{"line":86,"column":20}},"34":{"start":{"line":87,"column":17},"end":{"line":87,"column":36}},"35":{"start":{"line":88,"column":20},"end":{"line":88,"column":35}},"36":{"start":{"line":89,"column":18},"end":{"line":89,"column":31}},"37":{"start":{"line":90,"column":23},"end":{"line":90,"column":25}},"38":{"start":{"line":91,"column":2},"end":{"line":112,"column":3}},"39":{"start":{"line":92,"column":22},"end":{"line":92,"column":43}},"40":{"start":{"line":93,"column":20},"end":{"line":93,"column":39}},"41":{"start":{"line":94,"column":3},"end":{"line":111,"column":4}},"42":{"start":{"line":99,"column":4},"end":{"line":110,"column":7}},"43":{"start":{"line":113,"column":2},"end":{"line":116,"column":4}},"44":{"start":{"line":117,"column":2},"end":{"line":119,"column":3}},"45":{"start":{"line":118,"column":3},"end":{"line":118,"column":23}},"46":{"start":{"line":121,"column":2},"end":{"line":121,"column":15}},"47":{"start":{"line":128,"column":17},"end":{"line":128,"column":19}},"48":{"start":{"line":129,"column":18},"end":{"line":132,"column":4}},"49":{"start":{"line":133,"column":15},"end":{"line":133,"column":19}},"50":{"start":{"line":134,"column":2},"end":{"line":138,"column":4}},"51":{"start":{"line":139,"column":25},"end":{"line":143,"column":3}},"52":{"start":{"line":140,"column":13},"end":{"line":140,"column":27}},"53":{"start":{"line":141,"column":3},"end":{"line":141,"column":30}},"54":{"start":{"line":142,"column":3},"end":{"line":142,"column":40}},"55":{"start":{"line":145,"column":21},"end":{"line":149,"column":3}},"56":{"start":{"line":146,"column":13},"end":{"line":146,"column":27}},"57":{"start":{"line":147,"column":3},"end":{"line":147,"column":30}},"58":{"start":{"line":148,"column":3},"end":{"line":148,"column":40}},"59":{"start":{"line":152,"column":24},"end":{"line":154,"column":3}},"60":{"start":{"line":153,"column":3},"end":{"line":153,"column":53}},"61":{"start":{"line":156,"column":21},"end":{"line":156,"column":34}},"62":{"start":{"line":159,"column":21},"end":{"line":160,"column":null}},"63":{"start":{"line":160,"column":3},"end":{"line":160,"column":61}},"64":{"start":{"line":162,"column":2},"end":{"line":166,"column":4}},"65":{"start":{"line":168,"column":2},"end":{"line":187,"column":3}},"66":{"start":{"line":169,"column":26},"end":{"line":169,"column":51}},"67":{"start":{"line":170,"column":24},"end":{"line":170,"column":47}},"68":{"start":{"line":173,"column":3},"end":{"line":186,"column":4}},"69":{"start":{"line":178,"column":4},"end":{"line":183,"column":5}},"70":{"start":{"line":179,"column":5},"end":{"line":182,"column":8}},"71":{"start":{"line":185,"column":4},"end":{"line":185,"column":44}},"72":{"start":{"line":190,"column":2},"end":{"line":195,"column":3}},"73":{"start":{"line":191,"column":3},"end":{"line":194,"column":6}},"74":{"start":{"line":197,"column":2},"end":{"line":197,"column":16}},"75":{"start":{"line":6,"column":0},"end":{"line":6,"column":21}}},"fnMap":{"0":{"name":"(anonymous_1)","decl":{"start":{"line":9,"column":9},"end":{"line":9,"column":32}},"loc":{"start":{"line":11,"column":19},"end":{"line":20,"column":2}}},"1":{"name":"(anonymous_2)","decl":{"start":{"line":22,"column":9},"end":{"line":22,"column":20}},"loc":{"start":{"line":22,"column":57},"end":{"line":30,"column":2}}},"2":{"name":"(anonymous_3)","decl":{"start":{"line":32,"column":8},"end":{"line":32,"column":23}},"loc":{"start":{"line":32,"column":43},"end":{"line":56,"column":2}}},"3":{"name":"(anonymous_4)","decl":{"start":{"line":36,"column":3},"end":{"line":36,"column":4}},"loc":{"start":{"line":37,"column":4},"end":{"line":37,"column":61}}},"4":{"name":"(anonymous_5)","decl":{"start":{"line":58,"column":8},"end":{"line":58,"column":28}},"loc":{"start":{"line":60,"column":21},"end":{"line":63,"column":2}}},"5":{"name":"(anonymous_6)","decl":{"start":{"line":64,"column":8},"end":{"line":64,"column":13}},"loc":{"start":{"line":64,"column":46},"end":{"line":76,"column":2}}},"6":{"name":"(anonymous_7)","decl":{"start":{"line":66,"column":26},"end":{"line":66,"column":27}},"loc":{"start":{"line":66,"column":34},"end":{"line":69,"column":3}}},"7":{"name":"(anonymous_8)","decl":{"start":{"line":71,"column":3},"end":{"line":71,"column":4}},"loc":{"start":{"line":72,"column":4},"end":{"line":72,"column":61}}},"8":{"name":"(anonymous_9)","decl":{"start":{"line":77,"column":1},"end":{"line":77,"column":6}},"loc":{"start":{"line":80,"column":5},"end":{"line":122,"column":2}}},"9":{"name":"(anonymous_10)","decl":{"start":{"line":124,"column":8},"end":{"line":124,"column":39}},"loc":{"start":{"line":126,"column":11},"end":{"line":198,"column":2}}},"10":{"name":"(anonymous_11)","decl":{"start":{"line":139,"column":25},"end":{"line":139,"column":26}},"loc":{"start":{"line":139,"column":50},"end":{"line":143,"column":3}}},"11":{"name":"(anonymous_12)","decl":{"start":{"line":145,"column":21},"end":{"line":145,"column":22}},"loc":{"start":{"line":145,"column":46},"end":{"line":149,"column":3}}},"12":{"name":"(anonymous_13)","decl":{"start":{"line":152,"column":24},"end":{"line":152,"column":25}},"loc":{"start":{"line":152,"column":49},"end":{"line":154,"column":3}}},"13":{"name":"(anonymous_14)","decl":{"start":{"line":159,"column":31},"end":{"line":159,"column":32}},"loc":{"start":{"line":160,"column":3},"end":{"line":160,"column":61}}}},"branchMap":{"0":{"loc":{"start":{"line":17,"column":3},"end":{"line":18,"column":65}},"type":"binary-expr","locations":[{"start":{"line":17,"column":3},"end":{"line":17,"column":17}},{"start":{"line":18,"column":3},"end":{"line":18,"column":65}}]},"1":{"loc":{"start":{"line":28,"column":8},"end":{"line":28,"column":45}},"type":"cond-expr","locations":[{"start":{"line":28,"column":22},"end":{"line":28,"column":32}},{"start":{"line":28,"column":35},"end":{"line":28,"column":45}}]},"2":{"loc":{"start":{"line":33,"column":2},"end":{"line":33,"column":37}},"type":"if","locations":[{"start":{"line":33,"column":2},"end":{"line":33,"column":37}},{"start":{},"end":{}}]},"3":{"loc":{"start":{"line":46,"column":3},"end":{"line":51,"column":4}},"type":"if","locations":[{"start":{"line":46,"column":3},"end":{"line":51,"column":4}},{"start":{"line":48,"column":10},"end":{"line":51,"column":4}}]},"4":{"loc":{"start":{"line":87,"column":17},"end":{"line":87,"column":36}},"type":"binary-expr","locations":[{"start":{"line":87,"column":17},"end":{"line":87,"column":30}},{"start":{"line":87,"column":34},"end":{"line":87,"column":36}}]},"5":{"loc":{"start":{"line":94,"column":3},"end":{"line":111,"column":4}},"type":"if","locations":[{"start":{"line":94,"column":3},"end":{"line":111,"column":4}},{"start":{},"end":{}}]},"6":{"loc":{"start":{"line":95,"column":4},"end":{"line":97,"column":52}},"type":"binary-expr","locations":[{"start":{"line":95,"column":5},"end":{"line":95,"column":28}},{"start":{"line":95,"column":32},"end":{"line":95,"column":53}},{"start":{"line":96,"column":5},"end":{"line":96,"column":26}},{"start":{"line":96,"column":30},"end":{"line":96,"column":49}},{"start":{"line":97,"column":5},"end":{"line":97,"column":28}},{"start":{"line":97,"column":32},"end":{"line":97,"column":51}}]},"7":{"loc":{"start":{"line":100,"column":11},"end":{"line":104,"column":13}},"type":"cond-expr","locations":[{"start":{"line":101,"column":8},"end":{"line":103,"column":14}},{"start":{"line":104,"column":8},"end":{"line":104,"column":13}}]},"8":{"loc":{"start":{"line":101,"column":8},"end":{"line":103,"column":14}},"type":"cond-expr","locations":[{"start":{"line":102,"column":9},"end":{"line":102,"column":20}},{"start":{"line":103,"column":9},"end":{"line":103,"column":14}}]},"9":{"loc":{"start":{"line":105,"column":9},"end":{"line":109,"column":11}},"type":"cond-expr","locations":[{"start":{"line":106,"column":8},"end":{"line":108,"column":12}},{"start":{"line":109,"column":8},"end":{"line":109,"column":11}}]},"10":{"loc":{"start":{"line":106,"column":8},"end":{"line":108,"column":12}},"type":"cond-expr","locations":[{"start":{"line":107,"column":9},"end":{"line":107,"column":18}},{"start":{"line":108,"column":9},"end":{"line":108,"column":12}}]},"11":{"loc":{"start":{"line":117,"column":2},"end":{"line":119,"column":3}},"type":"if","locations":[{"start":{"line":117,"column":2},"end":{"line":119,"column":3}},{"start":{},"end":{}}]},"12":{"loc":{"start":{"line":173,"column":3},"end":{"line":186,"column":4}},"type":"if","locations":[{"start":{"line":173,"column":3},"end":{"line":186,"column":4}},{"start":{},"end":{}}]},"13":{"loc":{"start":{"line":174,"column":4},"end":{"line":175,"column":32}},"type":"binary-expr","locations":[{"start":{"line":174,"column":4},"end":{"line":174,"column":33}},{"start":{"line":175,"column":4},"end":{"line":175,"column":32}}]},"14":{"loc":{"start":{"line":178,"column":4},"end":{"line":183,"column":5}},"type":"if","locations":[{"start":{"line":178,"column":4},"end":{"line":183,"column":5}},{"start":{},"end":{}}]},"15":{"loc":{"start":{"line":190,"column":2},"end":{"line":195,"column":3}},"type":"if","locations":[{"start":{"line":190,"column":2},"end":{"line":195,"column":3}},{"start":{},"end":{}}]}},"s":{"0":0,"1":0,"2":0,"3":0,"4":0,"5":0,"6":0,"7":0,"8":0,"9":0,"10":0,"11":0,"12":0,"13":0,"14":0,"15":0,"16":0,"17":0,"18":0,"19":0,"20":0,"21":0,"22":0,"23":0,"24":0,"25":0,"26":0,"27":0,"28":0,"29":0,"30":0,"31":0,"32":0,"33":0,"34":0,"35":0,"36":0,"37":0,"38":0,"39":0,"40":0,"41":0,"42":0,"43":0,"44":0,"45":0,"46":0,"47":0,"48":0,"49":0,"50":0,"51":0,"52":0,"53":0,"54":0,"55":0,"56":0,"57":0,"58":0,"59":0,"60":0,"61":0,"62":0,"63":0,"64":0,"65":0,"66":0,"67":0,"68":0,"69":0,"70":0,"71":0,"72":0,"73":0,"74":0,"75":0},"f":{"0":0,"1":0,"2":0,"3":0,"4":0,"5":0,"6":0,"7":0,"8":0,"9":0,"10":0,"11":0,"12":0,"13":0},"b":{"0":[0,0],"1":[0,0],"2":[0,0],"3":[0,0],"4":[0,0],"5":[0,0],"6":[0,0,0,0,0,0],"7":[0,0],"8":[0,0],"9":[0,0],"10":[0,0],"11":[0,0],"12":[0,0],"13":[0,0],"14":[0,0],"15":[0,0]}}
,"/home/runner/work/sc-data-gathering-service/sc-data-gathering-service/src/utils/LockManager.ts": {"path":"/home/runner/work/sc-data-gathering-service/sc-data-gathering-service/src/utils/LockManager.ts","statementMap":{"0":{"start":{"line":1,"column":0},"end":{"line":1,"column":37}},"1":{"start":{"line":4,"column":30},"end":{"line":4,"column":37}},"2":{"start":{"line":6,"column":4},"end":{"line":13,"column":7}},"3":{"start":{"line":14,"column":4},"end":{"line":16,"column":7}},"4":{"start":{"line":15,"column":6},"end":{"line":15,"column":41}},"5":{"start":{"line":17,"column":4},"end":{"line":21,"column":5}},"6":{"start":{"line":18,"column":6},"end":{"line":20,"column":9}},"7":{"start":{"line":19,"column":8},"end":{"line":19,"column":58}},"8":{"start":{"line":24,"column":16},"end":{"line":24,"column":26}},"9":{"start":{"line":25,"column":4},"end":{"line":36,"column":7}},"10":{"start":{"line":29,"column":6},"end":{"line":33,"column":7}},"11":{"start":{"line":30,"column":8},"end":{"line":30,"column":55}},"12":{"start":{"line":32,"column":8},"end":{"line":32,"column":49}},"13":{"start":{"line":35,"column":6},"end":{"line":35,"column":50}},"14":{"start":{"line":40,"column":4},"end":{"line":48,"column":7}},"15":{"start":{"line":41,"column":6},"end":{"line":45,"column":7}},"16":{"start":{"line":42,"column":8},"end":{"line":42,"column":49}},"17":{"start":{"line":44,"column":8},"end":{"line":44,"column":60}},"18":{"start":{"line":47,"column":6},"end":{"line":47,"column":50}},"19":{"start":{"line":51,"column":4},"end":{"line":62,"column":7}},"20":{"start":{"line":52,"column":6},"end":{"line":58,"column":7}},"21":{"start":{"line":53,"column":8},"end":{"line":53,"column":47}},"22":{"start":{"line":54,"column":8},"end":{"line":54,"column":20}},"23":{"start":{"line":56,"column":8},"end":{"line":56,"column":49}},"24":{"start":{"line":57,"column":8},"end":{"line":57,"column":21}},"25":{"start":{"line":60,"column":6},"end":{"line":60,"column":49}},"26":{"start":{"line":61,"column":6},"end":{"line":61,"column":19}},"27":{"start":{"line":66,"column":4},"end":{"line":82,"column":7}},"28":{"start":{"line":67,"column":6},"end":{"line":70,"column":7}},"29":{"start":{"line":68,"column":8},"end":{"line":68,"column":44}},"30":{"start":{"line":69,"column":8},"end":{"line":69,"column":15}},"31":{"start":{"line":71,"column":20},"end":{"line":71,"column":46}},"32":{"start":{"line":72,"column":6},"end":{"line":74,"column":9}},"33":{"start":{"line":73,"column":8},"end":{"line":73,"column":23}},"34":{"start":{"line":75,"column":6},"end":{"line":79,"column":9}},"35":{"start":{"line":76,"column":8},"end":{"line":76,"column":43}},"36":{"start":{"line":78,"column":8},"end":{"line":78,"column":57}},"37":{"start":{"line":81,"column":6},"end":{"line":81,"column":50}},"38":{"start":{"line":85,"column":4},"end":{"line":96,"column":5}},"39":{"start":{"line":86,"column":6},"end":{"line":86,"column":73}},"40":{"start":{"line":87,"column":19},"end":{"line":87,"column":77}},"41":{"start":{"line":88,"column":6},"end":{"line":91,"column":7}},"42":{"start":{"line":89,"column":8},"end":{"line":89,"column":39}},"43":{"start":{"line":90,"column":8},"end":{"line":90,"column":18}},"44":{"start":{"line":92,"column":6},"end":{"line":92,"column":30}},"45":{"start":{"line":94,"column":6},"end":{"line":94,"column":50}},"46":{"start":{"line":95,"column":6},"end":{"line":95,"column":16}},"47":{"start":{"line":2,"column":0},"end":{"line":2,"column":21}}},"fnMap":{"0":{"name":"(anonymous_0)","decl":{"start":{"line":5,"column":2},"end":{"line":5,"column":null}},"loc":{"start":{"line":5,"column":2},"end":{"line":22,"column":3}}},"1":{"name":"(anonymous_1)","decl":{"start":{"line":14,"column":35},"end":{"line":14,"column":36}},"loc":{"start":{"line":14,"column":43},"end":{"line":16,"column":5}}},"2":{"name":"(anonymous_2)","decl":{"start":{"line":18,"column":41},"end":{"line":18,"column":44}},"loc":{"start":{"line":18,"column":47},"end":{"line":20,"column":7}}},"3":{"name":"(anonymous_3)","decl":{"start":{"line":23,"column":9},"end":{"line":23,"column":19}},"loc":{"start":{"line":23,"column":31},"end":{"line":38,"column":3}}},"4":{"name":"(anonymous_4)","decl":{"start":{"line":28,"column":12},"end":{"line":28,"column":13}},"loc":{"start":{"line":28,"column":23},"end":{"line":34,"column":5}}},"5":{"name":"(anonymous_5)","decl":{"start":{"line":34,"column":13},"end":{"line":34,"column":14}},"loc":{"start":{"line":34,"column":21},"end":{"line":36,"column":5}}},"6":{"name":"(anonymous_6)","decl":{"start":{"line":39,"column":9},"end":{"line":39,"column":20}},"loc":{"start":{"line":39,"column":32},"end":{"line":49,"column":3}}},"7":{"name":"(anonymous_7)","decl":{"start":{"line":40,"column":52},"end":{"line":40,"column":53}},"loc":{"start":{"line":40,"column":63},"end":{"line":46,"column":5}}},"8":{"name":"(anonymous_8)","decl":{"start":{"line":46,"column":13},"end":{"line":46,"column":14}},"loc":{"start":{"line":46,"column":21},"end":{"line":48,"column":5}}},"9":{"name":"(anonymous_9)","decl":{"start":{"line":50,"column":9},"end":{"line":50,"column":14}},"loc":{"start":{"line":50,"column":36},"end":{"line":63,"column":3}}},"10":{"name":"(anonymous_10)","decl":{"start":{"line":51,"column":51},"end":{"line":51,"column":52}},"loc":{"start":{"line":51,"column":62},"end":{"line":59,"column":5}}},"11":{"name":"(anonymous_11)","decl":{"start":{"line":59,"column":13},"end":{"line":59,"column":14}},"loc":{"start":{"line":59,"column":21},"end":{"line":62,"column":5}}},"12":{"name":"(anonymous_12)","decl":{"start":{"line":65,"column":9},"end":{"line":65,"column":23}},"loc":{"start":{"line":65,"column":23},"end":{"line":83,"column":3}}},"13":{"name":"(anonymous_13)","decl":{"start":{"line":66,"column":55},"end":{"line":66,"column":56}},"loc":{"start":{"line":66,"column":64},"end":{"line":80,"column":5}}},"14":{"name":"(anonymous_14)","decl":{"start":{"line":72,"column":19},"end":{"line":72,"column":20}},"loc":{"start":{"line":72,"column":27},"end":{"line":74,"column":7}}},"15":{"name":"(anonymous_15)","decl":{"start":{"line":75,"column":24},"end":{"line":75,"column":27}},"loc":{"start":{"line":75,"column":29},"end":{"line":77,"column":7}}},"16":{"name":"(anonymous_16)","decl":{"start":{"line":77,"column":15},"end":{"line":77,"column":16}},"loc":{"start":{"line":77,"column":23},"end":{"line":79,"column":7}}},"17":{"name":"(anonymous_17)","decl":{"start":{"line":80,"column":13},"end":{"line":80,"column":14}},"loc":{"start":{"line":80,"column":21},"end":{"line":82,"column":5}}},"18":{"name":"(anonymous_18)","decl":{"start":{"line":84,"column":9},"end":{"line":84,"column":14}},"loc":{"start":{"line":84,"column":37},"end":{"line":97,"column":3}}}},"branchMap":{"0":{"loc":{"start":{"line":17,"column":4},"end":{"line":21,"column":5}},"type":"if","locations":[{"start":{"line":17,"column":4},"end":{"line":21,"column":5}},{"start":{},"end":{}}]},"1":{"loc":{"start":{"line":29,"column":6},"end":{"line":33,"column":7}},"type":"if","locations":[{"start":{"line":29,"column":6},"end":{"line":33,"column":7}},{"start":{"line":31,"column":13},"end":{"line":33,"column":7}}]},"2":{"loc":{"start":{"line":41,"column":6},"end":{"line":45,"column":7}},"type":"if","locations":[{"start":{"line":41,"column":6},"end":{"line":45,"column":7}},{"start":{"line":43,"column":13},"end":{"line":45,"column":7}}]},"3":{"loc":{"start":{"line":52,"column":6},"end":{"line":58,"column":7}},"type":"if","locations":[{"start":{"line":52,"column":6},"end":{"line":58,"column":7}},{"start":{"line":55,"column":13},"end":{"line":58,"column":7}}]},"4":{"loc":{"start":{"line":67,"column":6},"end":{"line":70,"column":7}},"type":"if","locations":[{"start":{"line":67,"column":6},"end":{"line":70,"column":7}},{"start":{},"end":{}}]},"5":{"loc":{"start":{"line":88,"column":6},"end":{"line":91,"column":7}},"type":"if","locations":[{"start":{"line":88,"column":6},"end":{"line":91,"column":7}},{"start":{},"end":{}}]}},"s":{"0":0,"1":0,"2":0,"3":0,"4":0,"5":0,"6":0,"7":0,"8":0,"9":0,"10":0,"11":0,"12":0,"13":0,"14":0,"15":0,"16":0,"17":0,"18":0,"19":0,"20":0,"21":0,"22":0,"23":0,"24":0,"25":0,"26":0,"27":0,"28":0,"29":0,"30":0,"31":0,"32":0,"33":0,"34":0,"35":0,"36":0,"37":0,"38":0,"39":0,"40":0,"41":0,"42":0,"43":0,"44":0,"45":0,"46":0,"47":0},"f":{"0":0,"1":0,"2":0,"3":0,"4":0,"5":0,"6":0,"7":0,"8":0,"9":0,"10":0,"11":0,"12":0,"13":0,"14":0,"15":0,"16":0,"17":0,"18":0},"b":{"0":[0,0],"1":[0,0],"2":[0,0],"3":[0,0],"4":[0,0],"5":[0,0]}}
,"/home/runner/work/sc-data-gathering-service/sc-data-gathering-service/src/utils/handleMessage.ts": {"path":"/home/runner/work/sc-data-gathering-service/sc-data-gathering-service/src/utils/handleMessage.ts","statementMap":{"0":{"start":{"line":10,"column":0},"end":{"line":10,"column":17}},"1":{"start":{"line":13,"column":0},"end":{"line":13,"column":16}},"2":{"start":{"line":22,"column":0},"end":{"line":22,"column":16}},"3":{"start":{"line":1,"column":0},"end":{"line":1,"column":24}},"4":{"start":{"line":11,"column":2},"end":{"line":11,"column":83}},"5":{"start":{"line":20,"column":1},"end":{"line":20,"column":72}},"6":{"start":{"line":23,"column":2},"end":{"line":39,"column":5}},"7":{"start":{"line":24,"column":4},"end":{"line":38,"column":7}},"8":{"start":{"line":25,"column":27},"end":{"line":25,"column":54}},"9":{"start":{"line":26,"column":6},"end":{"line":35,"column":7}},"10":{"start":{"line":27,"column":8},"end":{"line":27,"column":72}},"11":{"start":{"line":28,"column":8},"end":{"line":33,"column":11}},"12":{"start":{"line":34,"column":8},"end":{"line":34,"column":15}},"13":{"start":{"line":36,"column":6},"end":{"line":36,"column":58}},"14":{"start":{"line":37,"column":6},"end":{"line":37,"column":28}}},"fnMap":{"0":{"name":"sendMessage","decl":{"start":{"line":10,"column":17},"end":{"line":10,"column":28}},"loc":{"start":{"line":10,"column":103},"end":{"line":12,"column":1}}},"1":{"name":"sendMessagetoSupervisor","decl":{"start":{"line":13,"column":16},"end":{"line":13,"column":39}},"loc":{"start":{"line":19,"column":10},"end":{"line":21,"column":1}}},"2":{"name":"reciveMessage","decl":{"start":{"line":22,"column":16},"end":{"line":22,"column":29}},"loc":{"start":{"line":22,"column":29},"end":{"line":40,"column":1}}},"3":{"name":"(anonymous_4)","decl":{"start":{"line":23,"column":21},"end":{"line":23,"column":22}},"loc":{"start":{"line":23,"column":33},"end":{"line":39,"column":3}}},"4":{"name":"(anonymous_5)","decl":{"start":{"line":24,"column":26},"end":{"line":24,"column":27}},"loc":{"start":{"line":24,"column":43},"end":{"line":38,"column":5}}}},"branchMap":{"0":{"loc":{"start":{"line":10,"column":58},"end":{"line":10,"column":86}},"type":"default-arg","locations":[{"start":{"line":10,"column":72},"end":{"line":10,"column":86}}]},"1":{"loc":{"start":{"line":17,"column":1},"end":{"line":17,"column":29}},"type":"default-arg","locations":[{"start":{"line":17,"column":15},"end":{"line":17,"column":29}}]},"2":{"loc":{"start":{"line":26,"column":6},"end":{"line":35,"column":7}},"type":"if","locations":[{"start":{"line":26,"column":6},"end":{"line":35,"column":7}},{"start":{},"end":{}}]},"3":{"loc":{"start":{"line":29,"column":21},"end":{"line":29,"column":56}},"type":"binary-expr","locations":[{"start":{"line":29,"column":21},"end":{"line":29,"column":43}},{"start":{"line":29,"column":47},"end":{"line":29,"column":56}}]}},"s":{"0":0,"1":0,"2":0,"3":0,"4":0,"5":0,"6":0,"7":0,"8":0,"9":0,"10":0,"11":0,"12":0,"13":0,"14":0},"f":{"0":0,"1":0,"2":0,"3":0,"4":0},"b":{"0":[0],"1":[0],"2":[0,0],"3":[0,0]}}
,"/home/runner/work/sc-data-gathering-service/sc-data-gathering-service/src/utils/log.ts": {"path":"/home/runner/work/sc-data-gathering-service/sc-data-gathering-service/src/utils/log.ts","statementMap":{"0":{"start":{"line":3,"column":0},"end":{"line":3,"column":24}},"1":{"start":{"line":1,"column":0},"end":{"line":1,"column":27}},"2":{"start":{"line":4,"column":20},"end":{"line":4,"column":44}},"3":{"start":{"line":5,"column":2},"end":{"line":21,"column":3}},"4":{"start":{"line":7,"column":6},"end":{"line":7,"column":100}},"5":{"start":{"line":8,"column":6},"end":{"line":8,"column":12}},"6":{"start":{"line":10,"column":6},"end":{"line":10,"column":101}},"7":{"start":{"line":11,"column":6},"end":{"line":11,"column":12}},"8":{"start":{"line":13,"column":6},"end":{"line":13,"column":105}},"9":{"start":{"line":14,"column":6},"end":{"line":14,"column":12}},"10":{"start":{"line":16,"column":6},"end":{"line":16,"column":105}},"11":{"start":{"line":17,"column":6},"end":{"line":17,"column":12}},"12":{"start":{"line":19,"column":6},"end":{"line":19,"column":100}},"13":{"start":{"line":20,"column":6},"end":{"line":20,"column":12}}},"fnMap":{"0":{"name":"log","decl":{"start":{"line":3,"column":24},"end":{"line":3,"column":27}},"loc":{"start":{"line":3,"column":96},"end":{"line":22,"column":1}}}},"branchMap":{"0":{"loc":{"start":{"line":3,"column":45},"end":{"line":3,"column":96}},"type":"default-arg","locations":[{"start":{"line":3,"column":90},"end":{"line":3,"column":96}}]},"1":{"loc":{"start":{"line":5,"column":2},"end":{"line":21,"column":3}},"type":"switch","locations":[{"start":{"line":6,"column":4},"end":{"line":8,"column":12}},{"start":{"line":9,"column":4},"end":{"line":11,"column":12}},{"start":{"line":12,"column":4},"end":{"line":14,"column":12}},{"start":{"line":15,"column":4},"end":{"line":17,"column":12}},{"start":{"line":18,"column":4},"end":{"line":20,"column":12}}]}},"s":{"0":1,"1":1,"2":0,"3":0,"4":0,"5":0,"6":0,"7":0,"8":0,"9":0,"10":0,"11":0,"12":0,"13":0},"f":{"0":0},"b":{"0":[0],"1":[0,0,0,0,0]}}
,"/home/runner/work/sc-data-gathering-service/sc-data-gathering-service/src/utils/tweetharvest/cache.ts": {"path":"/home/runner/work/sc-data-gathering-service/sc-data-gathering-service/src/utils/tweetharvest/cache.ts","statementMap":{"0":{"start":{"line":1,"column":0},"end":{"line":1,"column":null}},"1":{"start":{"line":2,"column":1},"end":{"line":2,"column":null}},"2":{"start":{"line":7,"column":13},"end":{"line":9,"column":3}}},"fnMap":{"0":{"name":"(anonymous_0)","decl":{"start":{"line":1,"column":0},"end":{"line":1,"column":12}},"loc":{"start":{"line":1,"column":22},"end":{"line":3,"column":1}}}},"branchMap":{"0":{"loc":{"start":{"line":1,"column":12},"end":{"line":1,"column":null}},"type":"binary-expr","locations":[{"start":{"line":1,"column":12},"end":{"line":1,"column":22}},{"start":{"line":1,"column":22},"end":{"line":1,"column":null}}]}},"s":{"0":0,"1":0,"2":0},"f":{"0":0},"b":{"0":[0,0]}}
,"/home/runner/work/sc-data-gathering-service/sc-data-gathering-service/src/utils/tweetharvest/constants.ts": {"path":"/home/runner/work/sc-data-gathering-service/sc-data-gathering-service/src/utils/tweetharvest/constants.ts","statementMap":{"0":{"start":{"line":1,"column":0},"end":{"line":1,"column":26}},"1":{"start":{"line":2,"column":0},"end":{"line":2,"column":25}},"2":{"start":{"line":4,"column":13},"end":{"line":7,"column":2}},"3":{"start":{"line":9,"column":13},"end":{"line":9,"column":57}},"4":{"start":{"line":11,"column":13},"end":{"line":11,"column":50}},"5":{"start":{"line":12,"column":13},"end":{"line":12,"column":77}},"6":{"start":{"line":14,"column":13},"end":{"line":30,"column":2}}},"fnMap":{},"branchMap":{},"s":{"0":0,"1":0,"2":0,"3":0,"4":0,"5":0,"6":0},"f":{},"b":{}}
,"/home/runner/work/sc-data-gathering-service/sc-data-gathering-service/src/utils/tweetharvest/crawl.ts": {"path":"/home/runner/work/sc-data-gathering-service/sc-data-gathering-service/src/utils/tweetharvest/crawl.ts","statementMap":{"0":{"start":{"line":64,"column":0},"end":{"line":64,"column":7}},"1":{"start":{"line":1,"column":0},"end":{"line":1,"column":25}},"2":{"start":{"line":2,"column":0},"end":{"line":2,"column":30}},"3":{"start":{"line":3,"column":0},"end":{"line":3,"column":26}},"4":{"start":{"line":4,"column":0},"end":{"line":4,"column":24}},"5":{"start":{"line":6,"column":0},"end":{"line":6,"column":44}},"6":{"start":{"line":7,"column":0},"end":{"line":7,"column":53}},"7":{"start":{"line":8,"column":0},"end":{"line":8,"column":58}},"8":{"start":{"line":9,"column":0},"end":{"line":9,"column":75}},"9":{"start":{"line":10,"column":0},"end":{"line":10,"column":71}},"10":{"start":{"line":11,"column":0},"end":{"line":11,"column":38}},"11":{"start":{"line":12,"column":0},"end":{"line":12,"column":null}},"12":{"start":{"line":19,"column":0},"end":{"line":19,"column":44}},"13":{"start":{"line":20,"column":0},"end":{"line":20,"column":71}},"14":{"start":{"line":21,"column":0},"end":{"line":21,"column":29}},"15":{"start":{"line":22,"column":0},"end":{"line":22,"column":23}},"16":{"start":{"line":24,"column":0},"end":{"line":24,"column":24}},"17":{"start":{"line":26,"column":20},"end":{"line":26,"column":25}},"18":{"start":{"line":29,"column":19},"end":{"line":29,"column":40}},"19":{"start":{"line":31,"column":14},"end":{"line":35,"column":4}},"20":{"start":{"line":37,"column":2},"end":{"line":37,"column":23}},"21":{"start":{"line":39,"column":2},"end":{"line":39,"column":35}},"22":{"start":{"line":40,"column":2},"end":{"line":40,"column":38}},"23":{"start":{"line":42,"column":2},"end":{"line":42,"column":18}},"24":{"start":{"line":79,"column":21},"end":{"line":79,"column":59}},"25":{"start":{"line":80,"column":30},"end":{"line":80,"column":69}},"26":{"start":{"line":82,"column":25},"end":{"line":82,"column":48}},"27":{"start":{"line":83,"column":25},"end":{"line":83,"column":48}},"28":{"start":{"line":84,"column":28},"end":{"line":84,"column":29}},"29":{"start":{"line":85,"column":24},"end":{"line":85,"column":26}},"30":{"start":{"line":87,"column":33},"end":{"line":87,"column":48}},"31":{"start":{"line":89,"column":34},"end":{"line":89,"column":74}},"32":{"start":{"line":91,"column":19},"end":{"line":91,"column":94}},"33":{"start":{"line":92,"column":20},"end":{"line":92,"column":97}},"34":{"start":{"line":94,"column":2},"end":{"line":94,"column":65}},"35":{"start":{"line":96,"column":2},"end":{"line":101,"column":3}},"36":{"start":{"line":97,"column":4},"end":{"line":99,"column":6}},"37":{"start":{"line":100,"column":4},"end":{"line":100,"column":68}},"38":{"start":{"line":103,"column":40},"end":{"line":103,"column":45}},"39":{"start":{"line":105,"column":18},"end":{"line":105,"column":68}},"40":{"start":{"line":107,"column":18},"end":{"line":124,"column":4}},"41":{"start":{"line":126,"column":15},"end":{"line":126,"column":38}},"42":{"start":{"line":127,"column":2},"end":{"line":127,"column":36}},"43":{"start":{"line":129,"column":2},"end":{"line":129,"column":30}},"44":{"start":{"line":131,"column":27},"end":{"line":131,"column":29}},"45":{"start":{"line":136,"column":4},"end":{"line":140,"column":5}},"46":{"start":{"line":137,"column":6},"end":{"line":137,"column":40}},"47":{"start":{"line":139,"column":6},"end":{"line":139,"column":40}},"48":{"start":{"line":143,"column":23},"end":{"line":143,"column":53}},"49":{"start":{"line":145,"column":4},"end":{"line":149,"column":5}},"50":{"start":{"line":146,"column":6},"end":{"line":146,"column":75}},"51":{"start":{"line":148,"column":6},"end":{"line":148,"column":29}},"52":{"start":{"line":151,"column":4},"end":{"line":158,"column":5}},"53":{"start":{"line":152,"column":6},"end":{"line":157,"column":9}},"54":{"start":{"line":160,"column":23},"end":{"line":160,"column":24}},"55":{"start":{"line":161,"column":32},"end":{"line":161,"column":33}},"56":{"start":{"line":162,"column":23},"end":{"line":162,"column":24}},"57":{"start":{"line":164,"column":25},"end":{"line":164,"column":26}},"58":{"start":{"line":166,"column":18},"end":{"line":168,"column":6}},"59":{"start":{"line":171,"column":6},"end":{"line":377,"column":7}},"60":{"start":{"line":175,"column":8},"end":{"line":183,"column":9}},"61":{"start":{"line":176,"column":10},"end":{"line":176,"column":25}},"62":{"start":{"line":177,"column":10},"end":{"line":177,"column":100}},"63":{"start":{"line":178,"column":10},"end":{"line":178,"column":27}},"64":{"start":{"line":180,"column":10},"end":{"line":180,"column":31}},"65":{"start":{"line":181,"column":10},"end":{"line":181,"column":42}},"66":{"start":{"line":182,"column":10},"end":{"line":182,"column":33}},"67":{"start":{"line":186,"column":25},"end":{"line":193,"column":10}},"68":{"start":{"line":190,"column":26},"end":{"line":190,"column":109}},"69":{"start":{"line":195,"column":8},"end":{"line":374,"column":9}},"70":{"start":{"line":196,"column":10},"end":{"line":196,"column":27}},"71":{"start":{"line":198,"column":32},"end":{"line":198,"column":34}},"72":{"start":{"line":202,"column":10},"end":{"line":222,"column":11}},"73":{"start":{"line":203,"column":12},"end":{"line":203,"column":49}},"74":{"start":{"line":205,"column":12},"end":{"line":205,"column":52}},"75":{"start":{"line":207,"column":12},"end":{"line":219,"column":13}},"76":{"start":{"line":208,"column":14},"end":{"line":208,"column":83}},"77":{"start":{"line":209,"column":14},"end":{"line":211,"column":16}},"78":{"start":{"line":214,"column":14},"end":{"line":214,"column":81}},"79":{"start":{"line":217,"column":14},"end":{"line":217,"column":45}},"80":{"start":{"line":218,"column":14},"end":{"line":218,"column":43}},"81":{"start":{"line":221,"column":12},"end":{"line":221,"column":18}},"82":{"start":{"line":225,"column":10},"end":{"line":225,"column":29}},"83":{"start":{"line":227,"column":32},"end":{"line":227,"column":90}},"84":{"start":{"line":228,"column":10},"end":{"line":232,"column":11}},"85":{"start":{"line":229,"column":12},"end":{"line":229,"column":105}},"86":{"start":{"line":231,"column":12},"end":{"line":231,"column":113}},"87":{"start":{"line":234,"column":10},"end":{"line":237,"column":11}},"88":{"start":{"line":235,"column":12},"end":{"line":235,"column":100}},"89":{"start":{"line":236,"column":12},"end":{"line":236,"column":19}},"90":{"start":{"line":239,"column":10},"end":{"line":246,"column":11}},"91":{"start":{"line":241,"column":12},"end":{"line":245,"column":13}},"92":{"start":{"line":242,"column":14},"end":{"line":242,"column":53}},"93":{"start":{"line":243,"column":14},"end":{"line":243,"column":70}},"94":{"start":{"line":244,"column":14},"end":{"line":244,"column":20}},"95":{"start":{"line":248,"column":10},"end":{"line":248,"column":49}},"96":{"start":{"line":250,"column":32},"end":{"line":279,"column":46}},"97":{"start":{"line":252,"column":38},"end":{"line":252,"column":72}},"98":{"start":{"line":254,"column":14},"end":{"line":254,"column":101}},"99":{"start":{"line":254,"column":89},"end":{"line":254,"column":101}},"100":{"start":{"line":255,"column":14},"end":{"line":261,"column":15}},"101":{"start":{"line":256,"column":16},"end":{"line":256,"column":80}},"102":{"start":{"line":256,"column":68},"end":{"line":256,"column":80}},"103":{"start":{"line":258,"column":18},"end":{"line":259,"column":40}},"104":{"start":{"line":260,"column":16},"end":{"line":260,"column":57}},"105":{"start":{"line":260,"column":45},"end":{"line":260,"column":57}},"106":{"start":{"line":262,"column":14},"end":{"line":262,"column":47}},"107":{"start":{"line":262,"column":35},"end":{"line":262,"column":47}},"108":{"start":{"line":264,"column":29},"end":{"line":266,"column":78}},"109":{"start":{"line":268,"column":14},"end":{"line":268,"column":95}},"110":{"start":{"line":268,"column":83},"end":{"line":268,"column":95}},"111":{"start":{"line":270,"column":35},"end":{"line":270,"column":71}},"112":{"start":{"line":272,"column":16},"end":{"line":272,"column":105}},"113":{"start":{"line":274,"column":14},"end":{"line":277,"column":16}},"114":{"start":{"line":279,"column":31},"end":{"line":279,"column":45}},"115":{"start":{"line":282,"column":10},"end":{"line":282,"column":48}},"116":{"start":{"line":285,"column":31},"end":{"line":285,"column":44}},"117":{"start":{"line":287,"column":10},"end":{"line":292,"column":11}},"118":{"start":{"line":288,"column":24},"end":{"line":288,"column":77}},"119":{"start":{"line":289,"column":32},"end":{"line":289,"column":49}},"120":{"start":{"line":291,"column":12},"end":{"line":291,"column":79}},"121":{"start":{"line":294,"column":23},"end":{"line":332,"column":12}},"122":{"start":{"line":295,"column":26},"end":{"line":295,"column":62}},"123":{"start":{"line":297,"column":35},"end":{"line":297,"column":101}},"124":{"start":{"line":298,"column":33},"end":{"line":298,"column":104}},"125":{"start":{"line":303,"column":14},"end":{"line":303,"column":225}},"126":{"start":{"line":306,"column":12},"end":{"line":306,"column":70}},"127":{"start":{"line":309,"column":12},"end":{"line":309,"column":67}},"128":{"start":{"line":311,"column":12},"end":{"line":319,"column":13}},"129":{"start":{"line":312,"column":32},"end":{"line":312,"column":60}},"130":{"start":{"line":313,"column":38},"end":{"line":313,"column":89}},"131":{"start":{"line":315,"column":14},"end":{"line":318,"column":15}},"132":{"start":{"line":317,"column":16},"end":{"line":317,"column":84}},"133":{"start":{"line":321,"column":12},"end":{"line":321,"column":48}},"134":{"start":{"line":322,"column":12},"end":{"line":322,"column":57}},"135":{"start":{"line":323,"column":12},"end":{"line":323,"column":100}},"136":{"start":{"line":324,"column":12},"end":{"line":324,"column":91}},"137":{"start":{"line":325,"column":12},"end":{"line":325,"column":60}},"138":{"start":{"line":326,"column":12},"end":{"line":326,"column":91}},"139":{"start":{"line":329,"column":12},"end":{"line":329,"column":36}},"140":{"start":{"line":331,"column":12},"end":{"line":331,"column":25}},"141":{"start":{"line":334,"column":39},"end":{"line":334,"column":106}},"142":{"start":{"line":334,"column":60},"end":{"line":334,"column":105}},"143":{"start":{"line":336,"column":35},"end":{"line":336,"column":77}},"144":{"start":{"line":338,"column":10},"end":{"line":338,"column":84}},"145":{"start":{"line":341,"column":10},"end":{"line":341,"column":85}},"146":{"start":{"line":342,"column":10},"end":{"line":342,"column":55}},"147":{"start":{"line":345,"column":10},"end":{"line":353,"column":11}},"148":{"start":{"line":346,"column":12},"end":{"line":346,"column":38}},"149":{"start":{"line":347,"column":12},"end":{"line":350,"column":13}},"150":{"start":{"line":348,"column":14},"end":{"line":348,"column":119}},"151":{"start":{"line":349,"column":14},"end":{"line":349,"column":79}},"152":{"start":{"line":351,"column":17},"end":{"line":353,"column":11}},"153":{"start":{"line":352,"column":12},"end":{"line":352,"column":71}},"154":{"start":{"line":355,"column":10},"end":{"line":355,"column":50}},"155":{"start":{"line":357,"column":10},"end":{"line":370,"column":11}},"156":{"start":{"line":358,"column":12},"end":{"line":358,"column":27}},"157":{"start":{"line":360,"column":12},"end":{"line":364,"column":13}},"158":{"start":{"line":361,"column":14},"end":{"line":361,"column":86}},"159":{"start":{"line":363,"column":14},"end":{"line":363,"column":69}},"160":{"start":{"line":366,"column":12},"end":{"line":369,"column":13}},"161":{"start":{"line":367,"column":14},"end":{"line":367,"column":120}},"162":{"start":{"line":368,"column":14},"end":{"line":368,"column":20}},"163":{"start":{"line":372,"column":10},"end":{"line":372,"column":33}},"164":{"start":{"line":373,"column":10},"end":{"line":373,"column":32}},"165":{"start":{"line":376,"column":8},"end":{"line":376,"column":31}},"166":{"start":{"line":383,"column":4},"end":{"line":383,"column":26}},"167":{"start":{"line":384,"column":4},"end":{"line":388,"column":5}},"168":{"start":{"line":385,"column":6},"end":{"line":385,"column":77}},"169":{"start":{"line":387,"column":6},"end":{"line":387,"column":62}},"170":{"start":{"line":391,"column":2},"end":{"line":425,"column":3}},"171":{"start":{"line":392,"column":4},"end":{"line":392,"column":30}},"172":{"start":{"line":394,"column":4},"end":{"line":400,"column":5}},"173":{"start":{"line":395,"column":6},"end":{"line":395,"column":101}},"174":{"start":{"line":397,"column":6},"end":{"line":399,"column":9}},"175":{"start":{"line":402,"column":4},"end":{"line":402,"column":20}},"176":{"start":{"line":403,"column":4},"end":{"line":403,"column":70}},"177":{"start":{"line":404,"column":4},"end":{"line":404,"column":83}},"178":{"start":{"line":406,"column":26},"end":{"line":406,"column":115}},"179":{"start":{"line":408,"column":4},"end":{"line":416,"column":7}},"180":{"start":{"line":409,"column":6},"end":{"line":415,"column":8}},"181":{"start":{"line":418,"column":4},"end":{"line":424,"column":5}},"182":{"start":{"line":419,"column":6},"end":{"line":419,"column":22}},"183":{"start":{"line":420,"column":6},"end":{"line":423,"column":8}}},"fnMap":{"0":{"name":"appendCsv","decl":{"start":{"line":28,"column":9},"end":{"line":28,"column":18}},"loc":{"start":{"line":28,"column":67},"end":{"line":43,"column":1}}},"1":{"name":"crawl","decl":{"start":{"line":64,"column":22},"end":{"line":64,"column":27}},"loc":{"start":{"line":78,"column":14},"end":{"line":426,"column":1}}},"2":{"name":"startCrawlTwitter","decl":{"start":{"line":133,"column":17},"end":{"line":133,"column":34}},"loc":{"start":{"line":135,"column":33},"end":{"line":389,"column":3}}},"3":{"name":"scrollAndSave","decl":{"start":{"line":170,"column":19},"end":{"line":170,"column":32}},"loc":{"start":{"line":170,"column":32},"end":{"line":378,"column":5}}},"4":{"name":"(anonymous_14)","decl":{"start":{"line":190,"column":12},"end":{"line":190,"column":13}},"loc":{"start":{"line":190,"column":26},"end":{"line":190,"column":109}}},"5":{"name":"(anonymous_15)","decl":{"start":{"line":251,"column":17},"end":{"line":251,"column":18}},"loc":{"start":{"line":251,"column":27},"end":{"line":278,"column":13}}},"6":{"name":"(anonymous_16)","decl":{"start":{"line":279,"column":20},"end":{"line":279,"column":21}},"loc":{"start":{"line":279,"column":31},"end":{"line":279,"column":45}}},"7":{"name":"(anonymous_17)","decl":{"start":{"line":294,"column":40},"end":{"line":294,"column":41}},"loc":{"start":{"line":294,"column":79},"end":{"line":332,"column":11}}},"8":{"name":"(anonymous_18)","decl":{"start":{"line":334,"column":51},"end":{"line":334,"column":52}},"loc":{"start":{"line":334,"column":60},"end":{"line":334,"column":105}}},"9":{"name":"(anonymous_19)","decl":{"start":{"line":408,"column":70},"end":{"line":408,"column":73}},"loc":{"start":{"line":408,"column":75},"end":{"line":416,"column":5}}}},"branchMap":{"0":{"loc":{"start":{"line":70,"column":2},"end":{"line":70,"column":25}},"type":"default-arg","locations":[{"start":{"line":70,"column":23},"end":{"line":70,"column":25}}]},"1":{"loc":{"start":{"line":72,"column":2},"end":{"line":72,"column":30}},"type":"default-arg","locations":[{"start":{"line":72,"column":29},"end":{"line":72,"column":30}}]},"2":{"loc":{"start":{"line":73,"column":2},"end":{"line":73,"column":37}},"type":"default-arg","locations":[{"start":{"line":73,"column":35},"end":{"line":73,"column":37}}]},"3":{"loc":{"start":{"line":76,"column":2},"end":{"line":76,"column":23}},"type":"default-arg","locations":[{"start":{"line":76,"column":15},"end":{"line":76,"column":23}}]},"4":{"loc":{"start":{"line":77,"column":2},"end":{"line":77,"column":29}},"type":"default-arg","locations":[{"start":{"line":77,"column":20},"end":{"line":77,"column":29}}]},"5":{"loc":{"start":{"line":79,"column":21},"end":{"line":79,"column":59}},"type":"cond-expr","locations":[{"start":{"line":79,"column":40},"end":{"line":79,"column":48}},{"start":{"line":79,"column":51},"end":{"line":79,"column":59}}]},"6":{"loc":{"start":{"line":80,"column":30},"end":{"line":80,"column":69}},"type":"cond-expr","locations":[{"start":{"line":80,"column":53},"end":{"line":80,"column":61}},{"start":{"line":80,"column":64},"end":{"line":80,"column":69}}]},"7":{"loc":{"start":{"line":91,"column":20},"end":{"line":91,"column":66}},"type":"binary-expr","locations":[{"start":{"line":91,"column":20},"end":{"line":91,"column":35}},{"start":{"line":91,"column":39},"end":{"line":91,"column":66}}]},"8":{"loc":{"start":{"line":96,"column":2},"end":{"line":101,"column":3}},"type":"if","locations":[{"start":{"line":96,"column":2},"end":{"line":101,"column":3}},{"start":{},"end":{}}]},"9":{"loc":{"start":{"line":96,"column":6},"end":{"line":96,"column":63}},"type":"binary-expr","locations":[{"start":{"line":96,"column":6},"end":{"line":96,"column":35}},{"start":{"line":96,"column":39},"end":{"line":96,"column":63}}]},"10":{"loc":{"start":{"line":133,"column":35},"end":{"line":135,"column":33}},"type":"default-arg","locations":[{"start":{"line":135,"column":31},"end":{"line":135,"column":33}}]},"11":{"loc":{"start":{"line":134,"column":4},"end":{"line":134,"column":62}},"type":"default-arg","locations":[{"start":{"line":134,"column":23},"end":{"line":134,"column":62}}]},"12":{"loc":{"start":{"line":136,"column":4},"end":{"line":140,"column":5}},"type":"if","locations":[{"start":{"line":136,"column":4},"end":{"line":140,"column":5}},{"start":{"line":138,"column":11},"end":{"line":140,"column":5}}]},"13":{"loc":{"start":{"line":145,"column":4},"end":{"line":149,"column":5}},"type":"if","locations":[{"start":{"line":145,"column":4},"end":{"line":149,"column":5}},{"start":{},"end":{}}]},"14":{"loc":{"start":{"line":151,"column":4},"end":{"line":158,"column":5}},"type":"if","locations":[{"start":{"line":151,"column":4},"end":{"line":158,"column":5}},{"start":{},"end":{}}]},"15":{"loc":{"start":{"line":172,"column":8},"end":{"line":173,"column":74}},"type":"binary-expr","locations":[{"start":{"line":172,"column":8},"end":{"line":172,"column":50}},{"start":{"line":173,"column":9},"end":{"line":173,"column":37}},{"start":{"line":173,"column":41},"end":{"line":173,"column":73}}]},"16":{"loc":{"start":{"line":175,"column":8},"end":{"line":183,"column":9}},"type":"if","locations":[{"start":{"line":175,"column":8},"end":{"line":183,"column":9}},{"start":{},"end":{}}]},"17":{"loc":{"start":{"line":175,"column":12},"end":{"line":175,"column":76}},"type":"binary-expr","locations":[{"start":{"line":175,"column":12},"end":{"line":175,"column":40}},{"start":{"line":175,"column":44},"end":{"line":175,"column":76}}]},"18":{"loc":{"start":{"line":190,"column":26},"end":{"line":190,"column":109}},"type":"binary-expr","locations":[{"start":{"line":190,"column":26},"end":{"line":190,"column":67}},{"start":{"line":190,"column":71},"end":{"line":190,"column":109}}]},"19":{"loc":{"start":{"line":195,"column":8},"end":{"line":374,"column":9}},"type":"if","locations":[{"start":{"line":195,"column":8},"end":{"line":374,"column":9}},{"start":{"line":356,"column":15},"end":{"line":374,"column":9}}]},"20":{"loc":{"start":{"line":207,"column":12},"end":{"line":219,"column":13}},"type":"if","locations":[{"start":{"line":207,"column":12},"end":{"line":219,"column":13}},{"start":{},"end":{}}]},"21":{"loc":{"start":{"line":228,"column":10},"end":{"line":232,"column":11}},"type":"if","locations":[{"start":{"line":228,"column":10},"end":{"line":232,"column":11}},{"start":{"line":230,"column":17},"end":{"line":232,"column":11}}]},"22":{"loc":{"start":{"line":234,"column":10},"end":{"line":237,"column":11}},"type":"if","locations":[{"start":{"line":234,"column":10},"end":{"line":237,"column":11}},{"start":{},"end":{}}]},"23":{"loc":{"start":{"line":239,"column":10},"end":{"line":246,"column":11}},"type":"if","locations":[{"start":{"line":239,"column":10},"end":{"line":246,"column":11}},{"start":{},"end":{}}]},"24":{"loc":{"start":{"line":241,"column":12},"end":{"line":245,"column":13}},"type":"if","locations":[{"start":{"line":241,"column":12},"end":{"line":245,"column":13}},{"start":{},"end":{}}]},"25":{"loc":{"start":{"line":254,"column":14},"end":{"line":254,"column":101}},"type":"if","locations":[{"start":{"line":254,"column":14},"end":{"line":254,"column":101}},{"start":{},"end":{}}]},"26":{"loc":{"start":{"line":254,"column":18},"end":{"line":254,"column":87}},"type":"binary-expr","locations":[{"start":{"line":254,"column":18},"end":{"line":254,"column":32}},{"start":{"line":254,"column":36},"end":{"line":254,"column":87}}]},"27":{"loc":{"start":{"line":255,"column":14},"end":{"line":261,"column":15}},"type":"if","locations":[{"start":{"line":255,"column":14},"end":{"line":261,"column":15}},{"start":{},"end":{}}]},"28":{"loc":{"start":{"line":256,"column":16},"end":{"line":256,"column":80}},"type":"if","locations":[{"start":{"line":256,"column":16},"end":{"line":256,"column":80}},{"start":{},"end":{}}]},"29":{"loc":{"start":{"line":260,"column":16},"end":{"line":260,"column":57}},"type":"if","locations":[{"start":{"line":260,"column":16},"end":{"line":260,"column":57}},{"start":{},"end":{}}]},"30":{"loc":{"start":{"line":262,"column":14},"end":{"line":262,"column":47}},"type":"if","locations":[{"start":{"line":262,"column":14},"end":{"line":262,"column":47}},{"start":{},"end":{}}]},"31":{"loc":{"start":{"line":264,"column":29},"end":{"line":266,"column":78}},"type":"cond-expr","locations":[{"start":{"line":265,"column":18},"end":{"line":265,"column":64}},{"start":{"line":266,"column":18},"end":{"line":266,"column":78}}]},"32":{"loc":{"start":{"line":268,"column":14},"end":{"line":268,"column":95}},"type":"if","locations":[{"start":{"line":268,"column":14},"end":{"line":268,"column":95}},{"start":{},"end":{}}]},"33":{"loc":{"start":{"line":268,"column":18},"end":{"line":268,"column":81}},"type":"binary-expr","locations":[{"start":{"line":268,"column":18},"end":{"line":268,"column":51}},{"start":{"line":268,"column":55},"end":{"line":268,"column":81}}]},"34":{"loc":{"start":{"line":270,"column":35},"end":{"line":270,"column":71}},"type":"binary-expr","locations":[{"start":{"line":270,"column":35},"end":{"line":270,"column":48}},{"start":{"line":270,"column":52},"end":{"line":270,"column":71}}]},"35":{"loc":{"start":{"line":272,"column":16},"end":{"line":272,"column":105}},"type":"binary-expr","locations":[{"start":{"line":272,"column":16},"end":{"line":272,"column":57}},{"start":{"line":272,"column":61},"end":{"line":272,"column":105}}]},"36":{"loc":{"start":{"line":287,"column":10},"end":{"line":292,"column":11}},"type":"if","locations":[{"start":{"line":287,"column":10},"end":{"line":292,"column":11}},{"start":{},"end":{}}]},"37":{"loc":{"start":{"line":311,"column":12},"end":{"line":319,"column":13}},"type":"if","locations":[{"start":{"line":311,"column":12},"end":{"line":319,"column":13}},{"start":{},"end":{}}]},"38":{"loc":{"start":{"line":315,"column":14},"end":{"line":318,"column":15}},"type":"if","locations":[{"start":{"line":315,"column":14},"end":{"line":318,"column":15}},{"start":{},"end":{}}]},"39":{"loc":{"start":{"line":324,"column":33},"end":{"line":324,"column":90}},"type":"binary-expr","locations":[{"start":{"line":324,"column":33},"end":{"line":324,"column":84}},{"start":{"line":324,"column":88},"end":{"line":324,"column":90}}]},"40":{"loc":{"start":{"line":325,"column":32},"end":{"line":325,"column":59}},"type":"binary-expr","locations":[{"start":{"line":325,"column":32},"end":{"line":325,"column":53}},{"start":{"line":325,"column":57},"end":{"line":325,"column":59}}]},"41":{"loc":{"start":{"line":326,"column":47},"end":{"line":326,"column":90}},"type":"binary-expr","locations":[{"start":{"line":326,"column":47},"end":{"line":326,"column":84}},{"start":{"line":326,"column":88},"end":{"line":326,"column":90}}]},"42":{"loc":{"start":{"line":345,"column":10},"end":{"line":353,"column":11}},"type":"if","locations":[{"start":{"line":345,"column":10},"end":{"line":353,"column":11}},{"start":{"line":351,"column":17},"end":{"line":353,"column":11}}]},"43":{"loc":{"start":{"line":347,"column":12},"end":{"line":350,"column":13}},"type":"if","locations":[{"start":{"line":347,"column":12},"end":{"line":350,"column":13}},{"start":{},"end":{}}]},"44":{"loc":{"start":{"line":351,"column":17},"end":{"line":353,"column":11}},"type":"if","locations":[{"start":{"line":351,"column":17},"end":{"line":353,"column":11}},{"start":{},"end":{}}]},"45":{"loc":{"start":{"line":357,"column":10},"end":{"line":370,"column":11}},"type":"if","locations":[{"start":{"line":357,"column":10},"end":{"line":370,"column":11}},{"start":{},"end":{}}]},"46":{"loc":{"start":{"line":360,"column":12},"end":{"line":364,"column":13}},"type":"if","locations":[{"start":{"line":360,"column":12},"end":{"line":364,"column":13}},{"start":{"line":362,"column":19},"end":{"line":364,"column":13}}]},"47":{"loc":{"start":{"line":366,"column":12},"end":{"line":369,"column":13}},"type":"if","locations":[{"start":{"line":366,"column":12},"end":{"line":369,"column":13}},{"start":{},"end":{}}]},"48":{"loc":{"start":{"line":384,"column":4},"end":{"line":388,"column":5}},"type":"if","locations":[{"start":{"line":384,"column":4},"end":{"line":388,"column":5}},{"start":{"line":386,"column":11},"end":{"line":388,"column":5}}]},"49":{"loc":{"start":{"line":394,"column":4},"end":{"line":400,"column":5}},"type":"if","locations":[{"start":{"line":394,"column":4},"end":{"line":400,"column":5}},{"start":{},"end":{}}]},"50":{"loc":{"start":{"line":418,"column":4},"end":{"line":424,"column":5}},"type":"if","locations":[{"start":{"line":418,"column":4},"end":{"line":424,"column":5}},{"start":{},"end":{}}]}},"s":{"0":0,"1":0,"2":0,"3":0,"4":0,"5":0,"6":0,"7":0,"8":0,"9":0,"10":0,"11":0,"12":0,"13":0,"14":0,"15":0,"16":0,"17":0,"18":0,"19":0,"20":0,"21":0,"22":0,"23":0,"24":0,"25":0,"26":0,"27":0,"28":0,"29":0,"30":0,"31":0,"32":0,"33":0,"34":0,"35":0,"36":0,"37":0,"38":0,"39":0,"40":0,"41":0,"42":0,"43":0,"44":0,"45":0,"46":0,"47":0,"48":0,"49":0,"50":0,"51":0,"52":0,"53":0,"54":0,"55":0,"56":0,"57":0,"58":0,"59":0,"60":0,"61":0,"62":0,"63":0,"64":0,"65":0,"66":0,"67":0,"68":0,"69":0,"70":0,"71":0,"72":0,"73":0,"74":0,"75":0,"76":0,"77":0,"78":0,"79":0,"80":0,"81":0,"82":0,"83":0,"84":0,"85":0,"86":0,"87":0,"88":0,"89":0,"90":0,"91":0,"92":0,"93":0,"94":0,"95":0,"96":0,"97":0,"98":0,"99":0,"100":0,"101":0,"102":0,"103":0,"104":0,"105":0,"106":0,"107":0,"108":0,"109":0,"110":0,"111":0,"112":0,"113":0,"114":0,"115":0,"116":0,"117":0,"118":0,"119":0,"120":0,"121":0,"122":0,"123":0,"124":0,"125":0,"126":0,"127":0,"128":0,"129":0,"130":0,"131":0,"132":0,"133":0,"134":0,"135":0,"136":0,"137":0,"138":0,"139":0,"140":0,"141":0,"142":0,"143":0,"144":0,"145":0,"146":0,"147":0,"148":0,"149":0,"150":0,"151":0,"152":0,"153":0,"154":0,"155":0,"156":0,"157":0,"158":0,"159":0,"160":0,"161":0,"162":0,"163":0,"164":0,"165":0,"166":0,"167":0,"168":0,"169":0,"170":0,"171":0,"172":0,"173":0,"174":0,"175":0,"176":0,"177":0,"178":0,"179":0,"180":0,"181":0,"182":0,"183":0},"f":{"0":0,"1":0,"2":0,"3":0,"4":0,"5":0,"6":0,"7":0,"8":0,"9":0},"b":{"0":[0],"1":[0],"2":[0],"3":[0],"4":[0],"5":[0,0],"6":[0,0],"7":[0,0],"8":[0,0],"9":[0,0],"10":[0],"11":[0],"12":[0,0],"13":[0,0],"14":[0,0],"15":[0,0,0],"16":[0,0],"17":[0,0],"18":[0,0],"19":[0,0],"20":[0,0],"21":[0,0],"22":[0,0],"23":[0,0],"24":[0,0],"25":[0,0],"26":[0,0],"27":[0,0],"28":[0,0],"29":[0,0],"30":[0,0],"31":[0,0],"32":[0,0],"33":[0,0],"34":[0,0],"35":[0,0],"36":[0,0],"37":[0,0],"38":[0,0],"39":[0,0],"40":[0,0],"41":[0,0],"42":[0,0],"43":[0,0],"44":[0,0],"45":[0,0],"46":[0,0],"47":[0,0],"48":[0,0],"49":[0,0],"50":[0,0]}}
,"/home/runner/work/sc-data-gathering-service/sc-data-gathering-service/src/utils/tweetharvest/env.ts": {"path":"/home/runner/work/sc-data-gathering-service/sc-data-gathering-service/src/utils/tweetharvest/env.ts","statementMap":{"0":{"start":{"line":1,"column":0},"end":{"line":1,"column":32}},"1":{"start":{"line":2,"column":0},"end":{"line":2,"column":34}},"2":{"start":{"line":4,"column":0},"end":{"line":4,"column":9}},"3":{"start":{"line":6,"column":13},"end":{"line":6,"column":null}}},"fnMap":{},"branchMap":{},"s":{"0":0,"1":0,"2":0,"3":0},"f":{},"b":{}}
,"/home/runner/work/sc-data-gathering-service/sc-data-gathering-service/src/utils/tweetharvest/features/exponential-backoff.ts": {"path":"/home/runner/work/sc-data-gathering-service/sc-data-gathering-service/src/utils/tweetharvest/features/exponential-backoff.ts","statementMap":{"0":{"start":{"line":1,"column":0},"end":{"line":1,"column":52}},"1":{"start":{"line":4,"column":20},"end":{"line":4,"column":26}},"2":{"start":{"line":7,"column":23},"end":{"line":7,"column":30}},"3":{"start":{"line":12,"column":14},"end":{"line":12,"column":15}},"4":{"start":{"line":17,"column":37},"end":{"line":29,"column":1}},"5":{"start":{"line":19,"column":4},"end":{"line":21,"column":5}},"6":{"start":{"line":20,"column":8},"end":{"line":20,"column":27}},"7":{"start":{"line":23,"column":20},"end":{"line":23,"column":63}},"8":{"start":{"line":26,"column":4},"end":{"line":28,"column":18}},"9":{"start":{"line":17,"column":13},"end":{"line":17,"column":37}}},"fnMap":{"0":{"name":"(anonymous_0)","decl":{"start":{"line":17,"column":37},"end":{"line":17,"column":38}},"loc":{"start":{"line":17,"column":65},"end":{"line":29,"column":1}}}},"branchMap":{"0":{"loc":{"start":{"line":19,"column":4},"end":{"line":21,"column":5}},"type":"if","locations":[{"start":{"line":19,"column":4},"end":{"line":21,"column":5}},{"start":{},"end":{}}]},"1":{"loc":{"start":{"line":26,"column":11},"end":{"line":28,"column":17}},"type":"cond-expr","locations":[{"start":{"line":27,"column":10},"end":{"line":27,"column":24}},{"start":{"line":28,"column":10},"end":{"line":28,"column":17}}]}},"s":{"0":0,"1":0,"2":0,"3":0,"4":0,"5":0,"6":0,"7":0,"8":0,"9":0},"f":{"0":0},"b":{"0":[0,0],"1":[0,0]}}
[...]
ap":{"0":{"start":{"line":1,"column":0},"end":{"line":1,"column":35}},"1":{"start":{"line":2,"column":0},"end":{"line":2,"column":31}},"2":{"start":{"line":3,"column":0},"end":{"line":3,"column":81}},"3":{"start":{"line":4,"column":0},"end":{"line":4,"column":74}},"4":{"start":{"line":6,"column":0},"end":{"line":6,"column":62}},"5":{"start":{"line":9,"column":26},"end":{"line":9,"column":31}},"6":{"start":{"line":10,"column":39},"end":{"line":11,"column":null}},"7":{"start":{"line":13,"column":26},"end":{"line":13,"column":55}},"8":{"start":{"line":15,"column":2},"end":{"line":15,"column":41}},"9":{"start":{"line":18,"column":2},"end":{"line":18,"column":62}},"10":{"start":{"line":19,"column":2},"end":{"line":23,"column":5}},"11":{"start":{"line":20,"column":3},"end":{"line":22,"column":5}},"12":{"start":{"line":26,"column":2},"end":{"line":26,"column":45}},"13":{"start":{"line":29,"column":2},"end":{"line":29,"column":25}},"14":{"start":{"line":32,"column":2},"end":{"line":58,"column":3}},"15":{"start":{"line":33,"column":3},"end":{"line":46,"column":5}},"16":{"start":{"line":36,"column":5},"end":{"line":38,"column":null}},"17":{"start":{"line":42,"column":5},"end":{"line":44,"column":null}},"18":{"start":{"line":48,"column":3},"end":{"line":53,"column":6}},"19":{"start":{"line":49,"column":4},"end":{"line":52,"column":6}},"20":{"start":{"line":55,"column":3},"end":{"line":57,"column":5}},"21":{"start":{"line":62,"column":2},"end":{"line":101,"column":5}},"22":{"start":{"line":63,"column":3},"end":{"line":74,"column":4}},"23":{"start":{"line":64,"column":4},"end":{"line":67,"column":6}},"24":{"start":{"line":68,"column":4},"end":{"line":72,"column":7}},"25":{"start":{"line":73,"column":4},"end":{"line":73,"column":11}},"26":{"start":{"line":75,"column":3},"end":{"line":75,"column":22}},"27":{"start":{"line":76,"column":33},"end":{"line":76,"column":40}},"28":{"start":{"line":77,"column":16},"end":{"line":78,"column":null}},"29":{"start":{"line":78,"column":4},"end":{"line":78,"column":43}},"30":{"start":{"line":80,"column":3},"end":{"line":98,"column":6}},"31":{"start":{"line":81,"column":4},"end":{"line":84,"column":6}},"32":{"start":{"line":85,"column":31},"end":{"line":85,"column":43}},"33":{"start":{"line":86,"column":17},"end":{"line":86,"column":38}},"34":{"start":{"line":87,"column":20},"end":{"line":87,"column":41}},"35":{"start":{"line":88,"column":19},"end":{"line":88,"column":58}},"36":{"start":{"line":89,"column":4},"end":{"line":97,"column":5}},"37":{"start":{"line":90,"column":40},"end":{"line":90,"column":46}},"38":{"start":{"line":91,"column":5},"end":{"line":96,"column":8}},"39":{"start":{"line":100,"column":3},"end":{"line":100,"column":23}},"40":{"start":{"line":105,"column":2},"end":{"line":145,"column":3}},"41":{"start":{"line":106,"column":3},"end":{"line":112,"column":4}},"42":{"start":{"line":107,"column":4},"end":{"line":110,"column":6}},"43":{"start":{"line":111,"column":4},"end":{"line":111,"column":11}},"44":{"start":{"line":113,"column":3},"end":{"line":113,"column":null}},"45":{"start":{"line":116,"column":24},"end":{"line":123,"column":5}},"46":{"start":{"line":125,"column":3},"end":{"line":128,"column":5}},"47":{"start":{"line":129,"column":3},"end":{"line":129,"column":null}},"48":{"start":{"line":141,"column":3},"end":{"line":144,"column":5}},"49":{"start":{"line":149,"column":2},"end":{"line":196,"column":3}},"50":{"start":{"line":151,"column":44},"end":{"line":151,"column":48}},"51":{"start":{"line":152,"column":3},"end":{"line":158,"column":4}},"52":{"start":{"line":153,"column":4},"end":{"line":156,"column":6}},"53":{"start":{"line":157,"column":4},"end":{"line":157,"column":11}},"54":{"start":{"line":159,"column":51},"end":{"line":168,"column":5}},"55":{"start":{"line":170,"column":23},"end":{"line":181,"column":15}},"56":{"start":{"line":182,"column":3},"end":{"line":185,"column":5}},"57":{"start":{"line":187,"column":3},"end":{"line":190,"column":5}},"58":{"start":{"line":192,"column":3},"end":{"line":195,"column":5}},"59":{"start":{"line":7,"column":0},"end":{"line":7,"column":21}},"60":{"start":{"line":200,"column":0},"end":{"line":200,"column":null}}},"fnMap":{"0":{"name":"(anonymous_10)","decl":{"start":{"line":17,"column":1},"end":{"line":17,"column":null}},"loc":{"start":{"line":17,"column":1},"end":{"line":24,"column":2}}},"1":{"name":"(anonymous_11)","decl":{"start":{"line":19,"column":19},"end":{"line":19,"column":20}},"loc":{"start":{"line":19,"column":29},"end":{"line":23,"column":3}}},"2":{"name":"(anonymous_12)","decl":{"start":{"line":25,"column":1},"end":{"line":25,"column":12}},"loc":{"start":{"line":25,"column":12},"end":{"line":27,"column":2}}},"3":{"name":"(anonymous_13)","decl":{"start":{"line":28,"column":8},"end":{"line":28,"column":21}},"loc":{"start":{"line":28,"column":21},"end":{"line":30,"column":2}}},"4":{"name":"(anonymous_14)","decl":{"start":{"line":31,"column":8},"end":{"line":31,"column":13}},"loc":{"start":{"line":31,"column":17},"end":{"line":59,"column":2}}},"5":{"name":"(anonymous_15)","decl":{"start":{"line":35,"column":10},"end":{"line":35,"column":13}},"loc":{"start":{"line":36,"column":5},"end":{"line":38,"column":null}}},"6":{"name":"(anonymous_16)","decl":{"start":{"line":41,"column":11},"end":{"line":41,"column":12}},"loc":{"start":{"line":42,"column":5},"end":{"line":44,"column":null}}},"7":{"name":"(anonymous_17)","decl":{"start":{"line":48,"column":27},"end":{"line":48,"column":28}},"loc":{"start":{"line":48,"column":37},"end":{"line":53,"column":4}}},"8":{"name":"(anonymous_18)","decl":{"start":{"line":60,"column":1},"end":{"line":60,"column":6}},"loc":{"start":{"line":60,"column":17},"end":{"line":102,"column":2}}},"9":{"name":"(anonymous_19)","decl":{"start":{"line":62,"column":24},"end":{"line":62,"column":29}},"loc":{"start":{"line":62,"column":51},"end":{"line":101,"column":3}}},"10":{"name":"(anonymous_20)","decl":{"start":{"line":77,"column":35},"end":{"line":77,"column":36}},"loc":{"start":{"line":78,"column":4},"end":{"line":78,"column":43}}},"11":{"name":"(anonymous_21)","decl":{"start":{"line":80,"column":16},"end":{"line":80,"column":21}},"loc":{"start":{"line":80,"column":28},"end":{"line":98,"column":4}}},"12":{"name":"(anonymous_22)","decl":{"start":{"line":104,"column":8},"end":{"line":104,"column":13}},"loc":{"start":{"line":104,"column":46},"end":{"line":146,"column":2}}},"13":{"name":"(anonymous_23)","decl":{"start":{"line":148,"column":8},"end":{"line":148,"column":13}},"loc":{"start":{"line":148,"column":40},"end":{"line":197,"column":2}}}},"branchMap":{"0":{"loc":{"start":{"line":63,"column":3},"end":{"line":74,"column":4}},"type":"if","locations":[{"start":{"line":63,"column":3},"end":{"line":74,"column":4}},{"start":{},"end":{}}]},"1":{"loc":{"start":{"line":89,"column":4},"end":{"line":97,"column":5}},"type":"if","locations":[{"start":{"line":89,"column":4},"end":{"line":97,"column":5}},{"start":{},"end":{}}]},"2":{"loc":{"start":{"line":106,"column":3},"end":{"line":112,"column":4}},"type":"if","locations":[{"start":{"line":106,"column":3},"end":{"line":112,"column":4}},{"start":{},"end":{}}]},"3":{"loc":{"start":{"line":106,"column":7},"end":{"line":106,"column":33}},"type":"binary-expr","locations":[{"start":{"line":106,"column":7},"end":{"line":106,"column":12}},{"start":{"line":106,"column":16},"end":{"line":106,"column":33}}]},"4":{"loc":{"start":{"line":152,"column":3},"end":{"line":158,"column":4}},"type":"if","locations":[{"start":{"line":152,"column":3},"end":{"line":158,"column":4}},{"start":{},"end":{}}]},"5":{"loc":{"start":{"line":152,"column":7},"end":{"line":152,"column":33}},"type":"binary-expr","locations":[{"start":{"line":152,"column":7},"end":{"line":152,"column":12}},{"start":{"line":152,"column":16},"end":{"line":152,"column":33}}]}},"s":{"0":0,"1":0,"2":0,"3":0,"4":0,"5":0,"6":0,"7":0,"8":0,"9":0,"10":0,"11":0,"12":0,"13":0,"14":0,"15":0,"16":0,"17":0,"18":0,"19":0,"20":0,"21":0,"22":0,"23":0,"24":0,"25":0,"26":0,"27":0,"28":0,"29":0,"30":0,"31":0,"32":0,"33":0,"34":0,"35":0,"36":0,"37":0,"38":0,"39":0,"40":0,"41":0,"42":0,"43":0,"44":0,"45":0,"46":0,"47":0,"48":0,"49":0,"50":0,"51":0,"52":0,"53":0,"54":0,"55":0,"56":0,"57":0,"58":0,"59":0,"60":0},"f":{"0":0,"1":0,"2":0,"3":0,"4":0,"5":0,"6":0,"7":0,"8":0,"9":0,"10":0,"11":0,"12":0,"13":0},"b":{"0":[0,0],"1":[0,0],"2":[0,0],"3":[0,0],"4":[0,0],"5":[0,0]}}
,"/home/runner/work/sc-data-gathering-service/sc-data-gathering-service/src/workers/RabbitMQWorker.ts": {"path":"/home/runner/work/sc-data-gathering-service/sc-data-gathering-service/src/workers/RabbitMQWorker.ts","statementMap":{"0":{"start":{"line":1,"column":0},"end":{"line":1,"column":32}},"1":{"start":{"line":4,"column":0},"end":{"line":4,"column":36}},"2":{"start":{"line":5,"column":0},"end":{"line":5,"column":31}},"3":{"start":{"line":6,"column":0},"end":{"line":6,"column":87}},"4":{"start":{"line":7,"column":0},"end":{"line":7,"column":46}},"5":{"start":{"line":10,"column":26},"end":{"line":10,"column":31}},"6":{"start":{"line":12,"column":48},"end":{"line":12,"column":52}},"7":{"start":{"line":14,"column":32},"end":{"line":14,"column":56}},"8":{"start":{"line":15,"column":43},"end":{"line":15,"column":79}},"9":{"start":{"line":18,"column":32},"end":{"line":18,"column":52}},"10":{"start":{"line":20,"column":2},"end":{"line":20,"column":44}},"11":{"start":{"line":24,"column":2},"end":{"line":24,"column":49}},"12":{"start":{"line":25,"column":2},"end":{"line":27,"column":49}},"13":{"start":{"line":28,"column":2},"end":{"line":33,"column":5}},"14":{"start":{"line":29,"column":3},"end":{"line":32,"column":5}},"15":{"start":{"line":36,"column":2},"end":{"line":47,"column":4}},"16":{"start":{"line":38,"column":4},"end":{"line":45,"column":6}},"17":{"start":{"line":51,"column":2},"end":{"line":51,"column":25}},"18":{"start":{"line":54,"column":2},"end":{"line":113,"column":3}},"19":{"start":{"line":55,"column":3},"end":{"line":57,"column":4}},"20":{"start":{"line":56,"column":4},"end":{"line":56,"column":57}},"21":{"start":{"line":58,"column":3},"end":{"line":61,"column":6}},"22":{"start":{"line":62,"column":3},"end":{"line":65,"column":5}},"23":{"start":{"line":66,"column":3},"end":{"line":71,"column":6}},"24":{"start":{"line":67,"column":4},"end":{"line":70,"column":6}},"25":{"start":{"line":72,"column":3},"end":{"line":83,"column":6}},"26":{"start":{"line":73,"column":4},"end":{"line":78,"column":7}},"27":{"start":{"line":79,"column":4},"end":{"line":82,"column":6}},"28":{"start":{"line":84,"column":3},"end":{"line":94,"column":6}},"29":{"start":{"line":85,"column":4},"end":{"line":89,"column":23}},"30":{"start":{"line":90,"column":4},"end":{"line":93,"column":6}},"31":{"start":{"line":95,"column":3},"end":{"line":95,"column":22}},"32":{"start":{"line":96,"column":3},"end":{"line":101,"column":5}},"33":{"start":{"line":97,"column":4},"end":{"line":99,"column":null}},"34":{"start":{"line":102,"column":3},"end":{"line":105,"column":5}},"35":{"start":{"line":106,"column":3},"end":{"line":106,"column":48}},"36":{"start":{"line":108,"column":3},"end":{"line":111,"column":5}},"37":{"start":{"line":112,"column":3},"end":{"line":112,"column":15}},"38":{"start":{"line":116,"column":2},"end":{"line":119,"column":3}},"39":{"start":{"line":117,"column":3},"end":{"line":117,"column":66}},"40":{"start":{"line":118,"column":3},"end":{"line":118,"column":52}},"41":{"start":{"line":120,"column":2},"end":{"line":120,"column":62}},"42":{"start":{"line":121,"column":2},"end":{"line":123,"column":5}},"43":{"start":{"line":124,"column":2},"end":{"line":127,"column":4}},"44":{"start":{"line":128,"column":2},"end":{"line":155,"column":4}},"45":{"start":{"line":131,"column":4},"end":{"line":152,"column":5}},"46":{"start":{"line":132,"column":28},"end":{"line":132,"column":50}},"47":{"start":{"line":133,"column":5},"end":{"line":151,"column":6}},"48":{"start":{"line":134,"column":6},"end":{"line":139,"column":9}},"49":{"start":{"line":141,"column":12},"end":{"line":151,"column":6}},"50":{"start":{"line":161,"column":2},"end":{"line":177,"column":3}},"51":{"start":{"line":162,"column":3},"end":{"line":162,"column":63}},"52":{"start":{"line":163,"column":3},"end":{"line":165,"column":6}},"53":{"start":{"line":166,"column":3},"end":{"line":168,"column":4}},"54":{"start":{"line":167,"column":4},"end":{"line":167,"column":58}},"55":{"start":{"line":169,"column":25},"end":{"line":169,"column":61}},"56":{"start":{"line":170,"column":3},"end":{"line":174,"column":5}},"57":{"start":{"line":176,"column":3},"end":{"line":176,"column":63}},"58":{"start":{"line":180,"column":2},"end":{"line":227,"column":3}},"59":{"start":{"line":181,"column":3},"end":{"line":219,"column":6}},"60":{"start":{"line":182,"column":48},"end":{"line":182,"column":55}},"61":{"start":{"line":183,"column":4},"end":{"line":186,"column":6}},"62":{"start":{"line":187,"column":4},"end":{"line":205,"column":5}},"63":{"start":{"line":188,"column":5},"end":{"line":203,"column":9}},"64":{"start":{"line":193,"column":7},"end":{"line":196,"column":9}},"65":{"start":{"line":199,"column":7},"end":{"line":202,"column":9}},"66":{"start":{"line":204,"column":5},"end":{"line":204,"column":12}},"67":{"start":{"line":206,"column":4},"end":{"line":218,"column":8}},"68":{"start":{"line":208,"column":6},"end":{"line":211,"column":8}},"69":{"start":{"line":214,"column":6},"end":{"line":217,"column":8}},"70":{"start":{"line":222,"column":3},"end":{"line":225,"column":5}},"71":{"start":{"line":226,"column":3},"end":{"line":226,"column":15}},"72":{"start":{"line":8,"column":0},"end":{"line":8,"column":13}},"73":{"start":{"line":231,"column":0},"end":{"line":231,"column":null}}},"fnMap":{"0":{"name":"(anonymous_10)","decl":{"start":{"line":23,"column":1},"end":{"line":23,"column":null}},"loc":{"start":{"line":23,"column":1},"end":{"line":34,"column":2}}},"1":{"name":"(anonymous_11)","decl":{"start":{"line":28,"column":19},"end":{"line":28,"column":20}},"loc":{"start":{"line":28,"column":29},"end":{"line":33,"column":3}}},"2":{"name":"(anonymous_12)","decl":{"start":{"line":35,"column":1},"end":{"line":35,"column":12}},"loc":{"start":{"line":35,"column":12},"end":{"line":48,"column":2}}},"3":{"name":"(anonymous_13)","decl":{"start":{"line":37,"column":3},"end":{"line":37,"column":6}},"loc":{"start":{"line":38,"column":4},"end":{"line":45,"column":6}}},"4":{"name":"(anonymous_14)","decl":{"start":{"line":50,"column":8},"end":{"line":50,"column":21}},"loc":{"start":{"line":50,"column":21},"end":{"line":52,"column":2}}},"5":{"name":"(anonymous_15)","decl":{"start":{"line":53,"column":8},"end":{"line":53,"column":13}},"loc":{"start":{"line":53,"column":17},"end":{"line":114,"column":2}}},"6":{"name":"(anonymous_16)","decl":{"start":{"line":66,"column":31},"end":{"line":66,"column":32}},"loc":{"start":{"line":66,"column":48},"end":{"line":71,"column":4}}},"7":{"name":"(anonymous_17)","decl":{"start":{"line":72,"column":31},"end":{"line":72,"column":32}},"loc":{"start":{"line":72,"column":42},"end":{"line":83,"column":4}}},"8":{"name":"(anonymous_18)","decl":{"start":{"line":84,"column":33},"end":{"line":84,"column":34}},"loc":{"start":{"line":84,"column":52},"end":{"line":94,"column":4}}},"9":{"name":"(anonymous_19)","decl":{"start":{"line":96,"column":27},"end":{"line":96,"column":28}},"loc":{"start":{"line":97,"column":4},"end":{"line":99,"column":null}}},"10":{"name":"(anonymous_20)","decl":{"start":{"line":115,"column":8},"end":{"line":115,"column":13}},"loc":{"start":{"line":115,"column":46},"end":{"line":156,"column":2}}},"11":{"name":"(anonymous_21)","decl":{"start":{"line":130,"column":3},"end":{"line":130,"column":4}},"loc":{"start":{"line":130,"column":11},"end":{"line":153,"column":4}}},"12":{"name":"(anonymous_22)","decl":{"start":{"line":157,"column":8},"end":{"line":157,"column":13}},"loc":{"start":{"line":159,"column":39},"end":{"line":178,"column":2}}},"13":{"name":"(anonymous_23)","decl":{"start":{"line":179,"column":1},"end":{"line":179,"column":6}},"loc":{"start":{"line":179,"column":17},"end":{"line":228,"column":2}}},"14":{"name":"(anonymous_24)","decl":{"start":{"line":181,"column":25},"end":{"line":181,"column":30}},"loc":{"start":{"line":181,"column":52},"end":{"line":219,"column":4}}},"15":{"name":"(anonymous_25)","decl":{"start":{"line":192,"column":12},"end":{"line":192,"column":15}},"loc":{"start":{"line":192,"column":17},"end":{"line":197,"column":7}}},"16":{"name":"(anonymous_26)","decl":{"start":{"line":198,"column":13},"end":{"line":198,"column":14}},"loc":{"start":{"line":198,"column":23},"end":{"line":203,"column":7}}},"17":{"name":"(anonymous_27)","decl":{"start":{"line":207,"column":11},"end":{"line":207,"column":14}},"loc":{"start":{"line":207,"column":16},"end":{"line":212,"column":6}}},"18":{"name":"(anonymous_28)","decl":{"start":{"line":213,"column":12},"end":{"line":213,"column":13}},"loc":{"start":{"line":213,"column":22},"end":{"line":218,"column":6}}}},"branchMap":{"0":{"loc":{"start":{"line":26,"column":3},"end":{"line":27,"column":48}},"type":"binary-expr","locations":[{"start":{"line":26,"column":3},"end":{"line":26,"column":15}},{"start":{"line":27,"column":3},"end":{"line":27,"column":48}}]},"1":{"loc":{"start":{"line":55,"column":3},"end":{"line":57,"column":4}},"type":"if","locations":[{"start":{"line":55,"column":3},"end":{"line":57,"column":4}},{"start":{},"end":{}}]},"2":{"loc":{"start":{"line":76,"column":13},"end":{"line":76,"column":48}},"type":"binary-expr","locations":[{"start":{"line":76,"column":13},"end":{"line":76,"column":27}},{"start":{"line":76,"column":31},"end":{"line":76,"column":48}}]},"3":{"loc":{"start":{"line":116,"column":2},"end":{"line":119,"column":3}},"type":"if","locations":[{"start":{"line":116,"column":2},"end":{"line":119,"column":3}},{"start":{},"end":{}}]},"4":{"loc":{"start":{"line":131,"column":4},"end":{"line":152,"column":5}},"type":"if","locations":[{"start":{"line":131,"column":4},"end":{"line":152,"column":5}},{"start":{},"end":{}}]},"5":{"loc":{"start":{"line":133,"column":5},"end":{"line":151,"column":6}},"type":"if","locations":[{"start":{"line":133,"column":5},"end":{"line":151,"column":6}},{"start":{"line":141,"column":12},"end":{"line":151,"column":6}}]},"6":{"loc":{"start":{"line":141,"column":12},"end":{"line":151,"column":6}},"type":"if","locations":[{"start":{"line":141,"column":12},"end":{"line":151,"column":6}},{"start":{},"end":{}}]},"7":{"loc":{"start":{"line":159,"column":2},"end":{"line":159,"column":39}},"type":"default-arg","locations":[{"start":{"line":159,"column":22},"end":{"line":159,"column":39}}]},"8":{"loc":{"start":{"line":166,"column":3},"end":{"line":168,"column":4}},"type":"if","locations":[{"start":{"line":166,"column":3},"end":{"line":168,"column":4}},{"start":{},"end":{}}]},"9":{"loc":{"start":{"line":187,"column":4},"end":{"line":205,"column":5}},"type":"if","locations":[{"start":{"line":187,"column":4},"end":{"line":205,"column":5}},{"start":{},"end":{}}]},"10":{"loc":{"start":{"line":187,"column":8},"end":{"line":187,"column":58}},"type":"binary-expr","locations":[{"start":{"line":187,"column":8},"end":{"line":187,"column":27}},{"start":{"line":187,"column":31},"end":{"line":187,"column":58}}]}},"s":{"0":0,"1":0,"2":0,"3":0,"4":0,"5":0,"6":0,"7":0,"8":0,"9":0,"10":0,"11":0,"12":0,"13":0,"14":0,"15":0,"16":0,"17":0,"18":0,"19":0,"20":0,"21":0,"22":0,"23":0,"24":0,"25":0,"26":0,"27":0,"28":0,"29":0,"30":0,"31":0,"32":0,"33":0,"34":0,"35":0,"36":0,"37":0,"38":0,"39":0,"40":0,"41":0,"42":0,"43":0,"44":0,"45":0,"46":0,"47":0,"48":0,"49":0,"50":0,"51":0,"52":0,"53":0,"54":0,"55":0,"56":0,"57":0,"58":0,"59":0,"60":0,"61":0,"62":0,"63":0,"64":0,"65":0,"66":0,"67":0,"68":0,"69":0,"70":0,"71":0,"72":0,"73":0},"f":{"0":0,"1":0,"2":0,"3":0,"4":0,"5":0,"6":0,"7":0,"8":0,"9":0,"10":0,"11":0,"12":0,"13":0,"14":0,"15":0,"16":0,"17":0,"18":0},"b":{"0":[0,0],"1":[0,0],"2":[0,0],"3":[0,0],"4":[0,0],"5":[0,0],"6":[0,0],"7":[0],"8":[0,0],"9":[0,0],"10":[0,0]}}
}
