TN:
SF:src/main.ts
FNF:0
FNH:0
DA:1,0
DA:3,0
LF:2
LH:0
BRF:0
BRH:0
end_of_record
TN:
SF:src/supervisor.ts
FN:31,(anonymous_1)
FN:67,(anonymous_2)
FN:108,(anonymous_3)
FN:110,(anonymous_4)
FN:119,(anonymous_5)
FN:126,(anonymous_6)
FN:126,(anonymous_7)
FN:127,(anonymous_8)
FN:139,(anonymous_9)
FN:142,(anonymous_10)
FN:144,(anonymous_11)
FN:169,(anonymous_12)
FN:171,(anonymous_13)
FN:182,(anonymous_14)
FN:183,(anonymous_15)
FN:202,(anonymous_16)
FN:227,(anonymous_17)
FN:237,(anonymous_18)
FN:265,(anonymous_19)
FN:269,(anonymous_20)
FN:293,(anonymous_21)
FN:301,(anonymous_22)
FN:311,(anonymous_23)
FN:315,(anonymous_24)
FN:318,(anonymous_25)
FN:328,(anonymous_26)
FN:329,(anonymous_27)
FN:342,(anonymous_28)
FN:358,(anonymous_29)
FNF:29
FNH:25
FNDA:29,(anonymous_1)
FNDA:99,(anonymous_2)
FNDA:2,(anonymous_3)
FNDA:7,(anonymous_4)
FNDA:0,(anonymous_5)
FNDA:214,(anonymous_6)
FNDA:642,(anonymous_7)
FNDA:22,(anonymous_8)
FNDA:3,(anonymous_9)
FNDA:4,(anonymous_10)
FNDA:4,(anonymous_11)
FNDA:6,(anonymous_12)
FNDA:6,(anonymous_13)
FNDA:20,(anonymous_14)
FNDA:60,(anonymous_15)
FNDA:1,(anonymous_16)
FNDA:0,(anonymous_17)
FNDA:0,(anonymous_18)
FNDA:0,(anonymous_19)
FNDA:2,(anonymous_20)
FNDA:18,(anonymous_21)
FNDA:2,(anonymous_22)
FNDA:4,(anonymous_23)
FNDA:2,(anonymous_24)
FNDA:103,(anonymous_25)
FNDA:23,(anonymous_26)
FNDA:69,(anonymous_27)
FNDA:3,(anonymous_28)
FNDA:31,(anonymous_29)
DA:1,1
DA:2,1
DA:3,1
DA:5,1
DA:6,1
DA:7,1
DA:26,1
DA:27,29
DA:28,29
DA:29,29
DA:32,29
DA:39,29
DA:49,29
DA:64,29
DA:74,99
DA:75,2
DA:79,2
DA:81,97
DA:86,97
DA:87,95
DA:92,95
DA:108,95
DA:109,2
DA:110,7
DA:112,2
DA:116,2
DA:119,95
DA:120,0
DA:122,95
DA:125,97
DA:126,642
DA:127,22
DA:129,97
DA:135,97
DA:140,3
DA:142,3
DA:143,4
DA:144,4
DA:145,2
DA:146,2
DA:149,2
DA:150,1
DA:161,2
DA:163,1
DA:164,1
DA:170,6
DA:171,6
DA:173,6
DA:174,6
DA:178,6
DA:182,6
DA:183,20
DA:184,60
DA:186,20
DA:188,20
DA:191,20
DA:194,6
DA:196,6
DA:197,1
DA:201,1
DA:202,1
DA:204,1
DA:205,1
DA:208,5
DA:209,4
DA:214,4
DA:218,4
DA:222,4
DA:225,1
DA:226,0
DA:227,0
DA:231,1
DA:232,0
DA:237,0
DA:238,0
DA:243,0
DA:246,1
DA:247,1
DA:248,1
DA:251,1
DA:252,1
DA:257,0
DA:266,0
DA:270,2
DA:275,2
DA:279,2
DA:280,2
DA:286,2
DA:294,18
DA:295,16
DA:296,14
DA:299,16
DA:301,2
DA:304,15
DA:312,4
DA:313,2
DA:315,2
DA:319,103
DA:320,103
DA:321,7
DA:327,7
DA:329,23
DA:330,69
DA:334,7
DA:335,5
DA:339,5
DA:342,2
DA:343,3
DA:344,3
DA:345,2
DA:350,1
DA:359,31
LF:112
LH:103
BRDA:74,0,0,2
BRDA:74,0,1,97
BRDA:143,1,0,2
BRDA:143,1,1,2
BRDA:149,2,0,1
BRDA:149,2,1,1
BRDA:161,3,0,1
BRDA:161,3,1,1
BRDA:161,4,0,2
BRDA:161,4,1,1
BRDA:163,5,0,1
BRDA:163,5,1,0
BRDA:173,6,0,6
BRDA:173,6,1,0
BRDA:191,7,0,20
BRDA:191,7,1,1
BRDA:191,7,2,1
BRDA:196,8,0,1
BRDA:196,8,1,5
BRDA:204,9,0,1
BRDA:204,9,1,0
BRDA:208,10,0,4
BRDA:208,10,1,1
BRDA:225,11,0,0
BRDA:225,11,1,1
BRDA:225,12,0,1
BRDA:225,12,1,0
BRDA:231,13,0,0
BRDA:231,13,1,1
BRDA:247,14,0,1
BRDA:247,14,1,0
BRDA:294,15,0,2
BRDA:294,15,1,16
BRDA:295,16,0,14
BRDA:295,16,1,2
BRDA:299,17,0,15
BRDA:299,17,1,1
BRDA:312,18,0,2
BRDA:312,18,1,2
BRDA:312,19,0,4
BRDA:312,19,1,4
BRDA:320,20,0,96
BRDA:320,20,1,7
BRDA:320,21,0,103
BRDA:320,21,1,7
BRDA:329,22,0,23
BRDA:329,22,1,5
BRDA:334,23,0,5
BRDA:334,23,1,2
BRDA:359,24,0,31
BRDA:359,24,1,29
BRDA:359,24,2,22
BRF:52
BRH:45
end_of_record
TN:
SF:src/configs/env.ts
FNF:0
FNH:0
DA:1,0
DA:4,0
DA:6,0
LF:3
LH:0
BRF:0
BRH:0
end_of_record
TN:
SF:src/configs/worker.ts
FNF:0
FNH:0
DA:1,1
LF:1
LH:1
BRF:0
BRH:0
end_of_record
TN:
SF:src/utils/CrawlLockManager.ts
FN:9,(anonymous_1)
FN:22,(anonymous_2)
FN:32,(anonymous_3)
FN:36,(anonymous_4)
FN:58,(anonymous_5)
FN:64,(anonymous_6)
FN:66,(anonymous_7)
FN:71,(anonymous_8)
FN:77,(anonymous_9)
FN:124,(anonymous_10)
FN:139,(anonymous_11)
FN:145,(anonymous_12)
FN:152,(anonymous_13)
FN:159,(anonymous_14)
FNF:14
FNH:0
FNDA:0,(anonymous_1)
FNDA:0,(anonymous_2)
FNDA:0,(anonymous_3)
FNDA:0,(anonymous_4)
FNDA:0,(anonymous_5)
FNDA:0,(anonymous_6)
FNDA:0,(anonymous_7)
FNDA:0,(anonymous_8)
FNDA:0,(anonymous_9)
FNDA:0,(anonymous_10)
FNDA:0,(anonymous_11)
FNDA:0,(anonymous_12)
FNDA:0,(anonymous_13)
FNDA:0,(anonymous_14)
DA:5,0
DA:6,0
DA:7,0
DA:13,0
DA:14,0
DA:16,0
DA:23,0
DA:24,0
DA:26,0
DA:33,0
DA:35,0
DA:37,0
DA:40,0
DA:41,0
DA:43,0
DA:44,0
DA:46,0
DA:47,0
DA:49,0
DA:50,0
DA:54,0
DA:55,0
DA:62,0
DA:65,0
DA:66,0
DA:67,0
DA:68,0
DA:70,0
DA:72,0
DA:75,0
DA:82,0
DA:85,0
DA:86,0
DA:87,0
DA:88,0
DA:89,0
DA:90,0
DA:91,0
DA:92,0
DA:93,0
DA:94,0
DA:99,0
DA:113,0
DA:117,0
DA:118,0
DA:121,0
DA:128,0
DA:129,0
DA:133,0
DA:134,0
DA:139,0
DA:140,0
DA:141,0
DA:142,0
DA:145,0
DA:146,0
DA:147,0
DA:148,0
DA:152,0
DA:153,0
DA:156,0
DA:159,0
DA:160,0
DA:162,0
DA:168,0
DA:169,0
DA:170,0
DA:173,0
DA:178,0
DA:179,0
DA:185,0
DA:190,0
DA:191,0
DA:197,0
LF:74
LH:0
BRDA:17,0,0,0
BRDA:17,0,1,0
BRDA:28,1,0,0
BRDA:28,1,1,0
BRDA:33,2,0,0
BRDA:33,2,1,0
BRDA:46,3,0,0
BRDA:46,3,1,0
BRDA:87,4,0,0
BRDA:87,4,1,0
BRDA:94,5,0,0
BRDA:94,5,1,0
BRDA:95,6,0,0
BRDA:95,6,1,0
BRDA:95,6,2,0
BRDA:95,6,3,0
BRDA:95,6,4,0
BRDA:95,6,5,0
BRDA:100,7,0,0
BRDA:100,7,1,0
BRDA:101,8,0,0
BRDA:101,8,1,0
BRDA:105,9,0,0
BRDA:105,9,1,0
BRDA:106,10,0,0
BRDA:106,10,1,0
BRDA:117,11,0,0
BRDA:117,11,1,0
BRDA:173,12,0,0
BRDA:173,12,1,0
BRDA:174,13,0,0
BRDA:174,13,1,0
BRDA:178,14,0,0
BRDA:178,14,1,0
BRDA:190,15,0,0
BRDA:190,15,1,0
BRF:36
BRH:0
end_of_record
TN:
SF:src/utils/LockManager.ts
FN:5,(anonymous_0)
FN:14,(anonymous_1)
FN:18,(anonymous_2)
FN:23,(anonymous_3)
FN:28,(anonymous_4)
FN:34,(anonymous_5)
FN:39,(anonymous_6)
FN:40,(anonymous_7)
FN:46,(anonymous_8)
FN:50,(anonymous_9)
FN:51,(anonymous_10)
FN:59,(anonymous_11)
FN:65,(anonymous_12)
FN:66,(anonymous_13)
FN:72,(anonymous_14)
FN:75,(anonymous_15)
FN:77,(anonymous_16)
FN:80,(anonymous_17)
FN:84,(anonymous_18)
FNF:19
FNH:0
FNDA:0,(anonymous_0)
FNDA:0,(anonymous_1)
FNDA:0,(anonymous_2)
FNDA:0,(anonymous_3)
FNDA:0,(anonymous_4)
FNDA:0,(anonymous_5)
FNDA:0,(anonymous_6)
FNDA:0,(anonymous_7)
FNDA:0,(anonymous_8)
FNDA:0,(anonymous_9)
FNDA:0,(anonymous_10)
FNDA:0,(anonymous_11)
FNDA:0,(anonymous_12)
FNDA:0,(anonymous_13)
FNDA:0,(anonymous_14)
FNDA:0,(anonymous_15)
FNDA:0,(anonymous_16)
FNDA:0,(anonymous_17)
FNDA:0,(anonymous_18)
DA:1,0
DA:2,0
DA:4,0
DA:6,0
DA:14,0
DA:15,0
DA:17,0
DA:18,0
DA:19,0
DA:24,0
DA:25,0
DA:29,0
DA:30,0
DA:32,0
DA:35,0
DA:40,0
DA:41,0
DA:42,0
DA:44,0
DA:47,0
DA:51,0
DA:52,0
DA:53,0
DA:54,0
DA:56,0
DA:57,0
DA:60,0
DA:61,0
DA:66,0
DA:67,0
DA:68,0
DA:69,0
DA:71,0
DA:72,0
DA:73,0
DA:75,0
DA:76,0
DA:78,0
DA:81,0
DA:85,0
DA:86,0
DA:87,0
DA:88,0
DA:89,0
DA:90,0
DA:92,0
DA:94,0
DA:95,0
LF:48
LH:0
BRDA:17,0,0,0
BRDA:17,0,1,0
BRDA:29,1,0,0
BRDA:29,1,1,0
BRDA:41,2,0,0
BRDA:41,2,1,0
BRDA:52,3,0,0
BRDA:52,3,1,0
BRDA:67,4,0,0
BRDA:67,4,1,0
BRDA:88,5,0,0
BRDA:88,5,1,0
BRF:12
BRH:0
end_of_record
TN:
SF:src/utils/handleMessage.ts
FN:10,sendMessage
FN:13,sendMessagetoSupervisor
FN:22,reciveMessage
FN:23,(anonymous_4)
FN:24,(anonymous_5)
FNF:5
FNH:0
FNDA:0,sendMessage
FNDA:0,sendMessagetoSupervisor
FNDA:0,reciveMessage
FNDA:0,(anonymous_4)
FNDA:0,(anonymous_5)
DA:1,0
DA:10,0
DA:11,0
DA:13,0
DA:20,0
DA:22,0
DA:23,0
DA:24,0
DA:25,0
DA:26,0
DA:27,0
DA:28,0
DA:34,0
DA:36,0
DA:37,0
LF:15
LH:0
BRDA:10,0,0,0
BRDA:17,1,0,0
BRDA:26,2,0,0
BRDA:26,2,1,0
BRDA:29,3,0,0
BRDA:29,3,1,0
BRF:6
BRH:0
end_of_record
TN:
SF:src/utils/log.ts
FN:3,log
FNF:1
FNH:0
FNDA:0,log
DA:1,1
DA:3,1
DA:4,0
DA:5,0
DA:7,0
DA:8,0
DA:10,0
DA:11,0
DA:13,0
DA:14,0
DA:16,0
DA:17,0
DA:19,0
DA:20,0
LF:14
LH:2
BRDA:3,0,0,0
BRDA:5,1,0,0
BRDA:5,1,1,0
BRDA:5,1,2,0
BRDA:5,1,3,0
BRDA:5,1,4,0
BRF:6
BRH:0
end_of_record
TN:
SF:src/utils/tweetharvest/cache.ts
FN:1,(anonymous_0)
FNF:1
FNH:0
FNDA:0,(anonymous_0)
DA:1,0
DA:2,0
DA:7,0
LF:3
LH:0
BRDA:1,0,0,0
BRDA:1,0,1,0
BRF:2
BRH:0
end_of_record
TN:
SF:src/utils/tweetharvest/constants.ts
FNF:0
FNH:0
DA:1,0
DA:2,0
DA:4,0
DA:9,0
DA:11,0
DA:12,0
DA:14,0
LF:7
LH:0
BRF:0
BRH:0
end_of_record
TN:
SF:src/utils/tweetharvest/crawl.ts
FN:28,appendCsv
FN:64,crawl
FN:133,startCrawlTwitter
FN:170,scrollAndSave
FN:190,(anonymous_14)
FN:251,(anonymous_15)
FN:279,(anonymous_16)
FN:294,(anonymous_17)
FN:334,(anonymous_18)
FN:408,(anonymous_19)
FNF:10
FNH:0
FNDA:0,appendCsv
FNDA:0,crawl
FNDA:0,startCrawlTwitter
FNDA:0,scrollAndSave
FNDA:0,(anonymous_14)
FNDA:0,(anonymous_15)
FNDA:0,(anonymous_16)
FNDA:0,(anonymous_17)
FNDA:0,(anonymous_18)
FNDA:0,(anonymous_19)
DA:1,0
DA:2,0
DA:3,0
DA:4,0
DA:6,0
DA:7,0
DA:8,0
DA:9,0
DA:10,0
DA:11,0
DA:12,0
DA:19,0
DA:20,0
DA:21,0
DA:22,0
DA:24,0
DA:26,0
DA:29,0
DA:31,0
DA:37,0
DA:39,0
DA:40,0
DA:42,0
DA:64,0
DA:79,0
DA:80,0
DA:82,0
DA:83,0
DA:84,0
DA:85,0
DA:87,0
DA:89,0
DA:91,0
DA:92,0
DA:94,0
DA:96,0
DA:97,0
DA:100,0
DA:103,0
DA:105,0
DA:107,0
DA:126,0
DA:127,0
DA:129,0
DA:131,0
DA:136,0
DA:137,0
DA:139,0
DA:143,0
DA:145,0
DA:146,0
DA:148,0
DA:151,0
DA:152,0
DA:160,0
DA:161,0
DA:162,0
DA:164,0
DA:166,0
DA:171,0
DA:175,0
DA:176,0
DA:177,0
DA:178,0
DA:180,0
DA:181,0
DA:182,0
DA:186,0
DA:190,0
DA:195,0
DA:196,0
DA:198,0
DA:202,0
DA:203,0
DA:205,0
DA:207,0
DA:208,0
DA:209,0
DA:214,0
DA:217,0
DA:218,0
DA:221,0
DA:225,0
DA:227,0
DA:228,0
DA:229,0
DA:231,0
DA:234,0
DA:235,0
DA:236,0
DA:239,0
DA:241,0
DA:242,0
DA:243,0
DA:244,0
DA:248,0
DA:250,0
DA:252,0
DA:254,0
DA:255,0
DA:256,0
DA:258,0
DA:260,0
DA:262,0
DA:264,0
DA:268,0
DA:270,0
DA:272,0
DA:274,0
DA:279,0
DA:282,0
DA:285,0
DA:287,0
DA:288,0
DA:289,0
DA:291,0
DA:294,0
DA:295,0
DA:297,0
DA:298,0
DA:303,0
DA:306,0
DA:309,0
DA:311,0
DA:312,0
DA:313,0
DA:315,0
DA:317,0
DA:321,0
DA:322,0
DA:323,0
DA:324,0
DA:325,0
DA:326,0
DA:329,0
DA:331,0
DA:334,0
DA:336,0
DA:338,0
DA:341,0
DA:342,0
DA:345,0
DA:346,0
DA:347,0
DA:348,0
DA:349,0
DA:351,0
DA:352,0
DA:355,0
DA:357,0
DA:358,0
DA:360,0
DA:361,0
DA:363,0
DA:366,0
DA:367,0
DA:368,0
DA:372,0
DA:373,0
DA:376,0
DA:383,0
DA:384,0
DA:385,0
DA:387,0
DA:391,0
DA:392,0
DA:394,0
DA:395,0
DA:397,0
DA:402,0
DA:403,0
DA:404,0
DA:406,0
DA:408,0
DA:409,0
DA:418,0
DA:419,0
DA:420,0
LF:178
LH:0
BRDA:70,0,0,0
BRDA:72,1,0,0
BRDA:73,2,0,0
BRDA:76,3,0,0
BRDA:77,4,0,0
BRDA:79,5,0,0
BRDA:79,5,1,0
BRDA:80,6,0,0
BRDA:80,6,1,0
BRDA:91,7,0,0
BRDA:91,7,1,0
BRDA:96,8,0,0
BRDA:96,8,1,0
BRDA:96,9,0,0
BRDA:96,9,1,0
BRDA:133,10,0,0
BRDA:134,11,0,0
BRDA:136,12,0,0
BRDA:136,12,1,0
BRDA:145,13,0,0
BRDA:145,13,1,0
BRDA:151,14,0,0
BRDA:151,14,1,0
BRDA:172,15,0,0
BRDA:172,15,1,0
BRDA:172,15,2,0
BRDA:175,16,0,0
BRDA:175,16,1,0
BRDA:175,17,0,0
BRDA:175,17,1,0
BRDA:190,18,0,0
BRDA:190,18,1,0
BRDA:195,19,0,0
BRDA:195,19,1,0
BRDA:207,20,0,0
BRDA:207,20,1,0
BRDA:228,21,0,0
BRDA:228,21,1,0
BRDA:234,22,0,0
BRDA:234,22,1,0
BRDA:239,23,0,0
BRDA:239,23,1,0
BRDA:241,24,0,0
BRDA:241,24,1,0
BRDA:254,25,0,0
BRDA:254,25,1,0
BRDA:254,26,0,0
BRDA:254,26,1,0
BRDA:255,27,0,0
BRDA:255,27,1,0
BRDA:256,28,0,0
BRDA:256,28,1,0
BRDA:260,29,0,0
BRDA:260,29,1,0
BRDA:262,30,0,0
BRDA:262,30,1,0
BRDA:264,31,0,0
BRDA:264,31,1,0
BRDA:268,32,0,0
BRDA:268,32,1,0
BRDA:268,33,0,0
BRDA:268,33,1,0
BRDA:270,34,0,0
BRDA:270,34,1,0
BRDA:272,35,0,0
BRDA:272,35,1,0
BRDA:287,36,0,0
BRDA:287,36,1,0
BRDA:311,37,0,0
BRDA:311,37,1,0
BRDA:315,38,0,0
BRDA:315,38,1,0
BRDA:324,39,0,0
BRDA:324,39,1,0
BRDA:325,40,0,0
BRDA:325,40,1,0
BRDA:326,41,0,0
BRDA:326,41,1,0
BRDA:345,42,0,0
BRDA:345,42,1,0
BRDA:347,43,0,0
BRDA:347,43,1,0
BRDA:351,44,0,0
BRDA:351,44,1,0
BRDA:357,45,0,0
BRDA:357,45,1,0
BRDA:360,46,0,0
BRDA:360,46,1,0
BRDA:366,47,0,0
BRDA:366,47,1,0
BRDA:384,48,0,0
BRDA:384,48,1,0
BRDA:394,49,0,0
BRDA:394,49,1,0
BRDA:418,50,0,0
BRDA:418,50,1,0
BRF:96
BRH:0
end_of_record
TN:
SF:src/utils/tweetharvest/env.ts
FNF:0
FNH:0
DA:1,0
DA:2,0
DA:4,0
DA:6,0
LF:4
LH:0
BRF:0
BRH:0
end_of_record
TN:
SF:src/utils/tweetharvest/features/exponential-backoff.ts
FN:17,(anonymous_0)
FNF:1
FNH:0
FNDA:0,(anonymous_0)
DA:1,0
DA:4,0
DA:7,0
DA:12,0
DA:17,0
DA:19,0
DA:20,0
DA:23,0
DA:26,0
LF:9
LH:0
BRDA:19,0,0,0
BRDA:19,0,1,0
BRDA:26,1,0,0
BRDA:26,1,1,0
BRF:4
BRH:0
end_of_record
TN:
SF:src/utils/tweetharvest/features/input-keywords.ts
FN:4,(anonymous_1)
FNF:1
FNH:0
FNDA:0,(anonymous_1)
DA:2,0
DA:4,0
DA:8,0
DA:10,0
DA:15,0
DA:17,0
DA:18,0
DA:21,0
DA:22,0
DA:25,0
DA:27,0
DA:30,0
DA:32,0
DA:33,0
LF:14
LH:0
BRDA:17,0,0,0
BRDA:17,0,1,0
BRDA:21,1,0,0
BRDA:21,1,1,0
BRF:4
BRH:0
end_of_record
TN:
SF:src/utils/tweetharvest/features/listen-network-requests.ts
FN:3,(anonymous_0)
FN:5,(anonymous_1)
FNF:2
FNH:0
FNDA:0,(anonymous_0)
FNDA:0,(anonymous_1)
DA:3,0
DA:5,0
DA:6,0
DA:8,0
DA:15,0
DA:16,0
DA:19,0
LF:7
LH:0
BRDA:8,0,0,0
BRDA:8,0,1,0
BRDA:15,1,0,0
BRDA:15,1,1,0
BRDA:15,2,0,0
BRDA:15,2,1,0
BRDA:15,2,2,0
BRDA:15,2,3,0
BRF:8
BRH:0
end_of_record
TN:
SF:src/utils/tweetharvest/helpers/formatDate.helper.ts
FN:1,(anonymous_0)
FNF:1
FNH:0
FNDA:0,(anonymous_0)
DA:1,0
DA:3,0
DA:6,0
DA:7,0
DA:8,0
DA:11,0
DA:13,0
LF:7
LH:0
BRF:0
BRH:0
end_of_record
TN:
SF:src/utils/tweetharvest/helpers/page.helper.ts
FN:4,(anonymous_1)
FN:5,(anonymous_2)
FN:13,(anonymous_3)
FN:14,(anonymous_4)
FN:23,(anonymous_5)
FN:23,(anonymous_6)
FN:26,(anonymous_7)
FN:26,(anonymous_8)
FN:29,(anonymous_9)
FN:29,(anonymous_10)
FN:32,(anonymous_11)
FNF:11
FNH:0
FNDA:0,(anonymous_1)
FNDA:0,(anonymous_2)
FNDA:0,(anonymous_3)
FNDA:0,(anonymous_4)
FNDA:0,(anonymous_5)
FNDA:0,(anonymous_6)
FNDA:0,(anonymous_7)
FNDA:0,(anonymous_8)
FNDA:0,(anonymous_9)
FNDA:0,(anonymous_10)
FNDA:0,(anonymous_11)
DA:2,0
DA:4,0
DA:5,0
DA:6,0
DA:13,0
DA:14,0
DA:16,0
DA:23,0
DA:26,0
DA:29,0
DA:32,0
DA:33,0
DA:34,0
DA:35,0
LF:14
LH:0
BRF:0
BRH:0
end_of_record
TN:
SF:src/workers/CrawlerWorker.ts
FN:37,(anonymous_1)
FN:40,(anonymous_2)
FN:47,(anonymous_3)
FN:50,(anonymous_4)
FN:52,(anonymous_5)
FN:65,(anonymous_6)
FN:88,(anonymous_7)
FN:117,(anonymous_8)
FN:130,(anonymous_9)
FN:138,(anonymous_10)
FN:171,(anonymous_11)
FN:189,(anonymous_12)
FN:190,(anonymous_13)
FN:202,(anonymous_14)
FN:206,(anonymous_15)
FN:247,(anonymous_16)
FN:253,(anonymous_17)
FN:357,(anonymous_18)
FN:359,(anonymous_19)
FN:363,(anonymous_20)
FN:377,(anonymous_21)
FN:380,(anonymous_22)
FN:408,(anonymous_23)
FN:413,(anonymous_24)
FNF:24
FNH:0
FNDA:0,(anonymous_1)
FNDA:0,(anonymous_2)
FNDA:0,(anonymous_3)
FNDA:0,(anonymous_4)
FNDA:0,(anonymous_5)
FNDA:0,(anonymous_6)
FNDA:0,(anonymous_7)
FNDA:0,(anonymous_8)
FNDA:0,(anonymous_9)
FNDA:0,(anonymous_10)
FNDA:0,(anonymous_11)
FNDA:0,(anonymous_12)
FNDA:0,(anonymous_13)
FNDA:0,(anonymous_14)
FNDA:0,(anonymous_15)
FNDA:0,(anonymous_16)
FNDA:0,(anonymous_17)
FNDA:0,(anonymous_18)
FNDA:0,(anonymous_19)
FNDA:0,(anonymous_20)
FNDA:0,(anonymous_21)
FNDA:0,(anonymous_22)
FNDA:0,(anonymous_23)
FNDA:0,(anonymous_24)
DA:1,0
DA:2,0
DA:3,0
DA:4,0
DA:5,0
DA:30,0
DA:31,0
DA:33,0
DA:34,0
DA:35,0
DA:38,0
DA:39,0
DA:40,0
DA:41,0
DA:48,0
DA:51,0
DA:53,0
DA:68,0
DA:71,0
DA:72,0
DA:76,0
DA:86,0
DA:88,0
DA:89,0
DA:91,0
DA:92,0
DA:93,0
DA:105,0
DA:106,0
DA:115,0
DA:116,0
DA:117,0
DA:119,0
DA:130,0
DA:131,0
DA:135,0
DA:136,0
DA:137,0
DA:138,0
DA:140,0
DA:152,0
DA:153,0
DA:158,0
DA:160,0
DA:167,0
DA:168,0
DA:176,0
DA:177,0
DA:178,0
DA:188,0
DA:190,0
DA:191,0
DA:192,0
DA:196,0
DA:197,0
DA:202,0
DA:205,0
DA:206,0
DA:208,0
DA:214,0
DA:215,0
DA:219,0
DA:221,0
DA:226,0
DA:227,0
DA:231,0
DA:234,0
DA:239,0
DA:243,0
DA:244,0
DA:247,0
DA:248,0
DA:251,0
DA:253,0
DA:262,0
DA:275,0
DA:276,0
DA:279,0
DA:283,0
DA:284,0
DA:287,0
DA:291,0
DA:292,0
DA:294,0
DA:296,0
DA:298,0
DA:301,0
DA:308,0
DA:325,0
DA:328,0
DA:331,0
DA:333,0
DA:340,0
DA:341,0
DA:343,0
DA:349,0
DA:352,0
DA:358,0
DA:359,0
DA:360,0
DA:361,0
DA:364,0
DA:367,0
DA:373,0
DA:375,0
DA:376,0
DA:377,0
DA:378,0
DA:380,0
DA:381,0
DA:385,0
DA:386,0
DA:387,0
DA:388,0
DA:394,0
DA:398,0
DA:409,0
DA:413,0
DA:414,0
DA:419,0
DA:422,0
LF:121
LH:0
BRDA:92,0,0,0
BRDA:92,0,1,0
BRDA:105,1,0,0
BRDA:105,1,1,0
BRDA:131,2,0,0
BRDA:131,2,1,0
BRDA:132,3,0,0
BRDA:132,3,1,0
BRDA:173,4,0,0
BRDA:174,5,0,0
BRDA:192,6,0,0
BRDA:192,6,1,0
BRDA:193,7,0,0
BRDA:193,7,1,0
BRDA:208,8,0,0
BRDA:208,8,1,0
BRDA:214,9,0,0
BRDA:214,9,1,0
BRDA:214,10,0,0
BRDA:214,10,1,0
BRDA:214,10,2,0
BRDA:219,11,0,0
BRDA:219,11,1,0
BRDA:221,12,0,0
BRDA:221,12,1,0
BRDA:226,13,0,0
BRDA:226,13,1,0
BRDA:226,14,0,0
BRDA:226,14,1,0
BRDA:226,14,2,0
BRDA:231,15,0,0
BRDA:231,15,1,0
BRDA:231,16,0,0
BRDA:231,16,1,0
BRDA:243,17,0,0
BRDA:243,17,1,0
BRDA:243,18,0,0
BRDA:243,18,1,0
BRDA:275,19,0,0
BRDA:275,19,1,0
BRDA:275,20,0,0
BRDA:275,20,1,0
BRDA:283,21,0,0
BRDA:283,21,1,0
BRDA:325,22,0,0
BRDA:325,22,1,0
BRDA:361,23,0,0
BRDA:361,23,1,0
BRDA:362,24,0,0
BRDA:362,24,1,0
BRF:50
BRH:0
end_of_record
TN:
SF:src/workers/DatabaseInteractionWorker.ts
FN:17,(anonymous_10)
FN:19,(anonymous_11)
FN:25,(anonymous_12)
FN:28,(anonymous_13)
FN:31,(anonymous_14)
FN:35,(anonymous_15)
FN:41,(anonymous_16)
FN:48,(anonymous_17)
FN:60,(anonymous_18)
FN:62,(anonymous_19)
FN:77,(anonymous_20)
FN:80,(anonymous_21)
FN:104,(anonymous_22)
FN:148,(anonymous_23)
FNF:14
FNH:0
FNDA:0,(anonymous_10)
FNDA:0,(anonymous_11)
FNDA:0,(anonymous_12)
FNDA:0,(anonymous_13)
FNDA:0,(anonymous_14)
FNDA:0,(anonymous_15)
FNDA:0,(anonymous_16)
FNDA:0,(anonymous_17)
FNDA:0,(anonymous_18)
FNDA:0,(anonymous_19)
FNDA:0,(anonymous_20)
FNDA:0,(anonymous_21)
FNDA:0,(anonymous_22)
FNDA:0,(anonymous_23)
DA:1,0
DA:2,0
DA:3,0
DA:4,0
DA:6,0
DA:7,0
DA:9,0
DA:10,0
DA:13,0
DA:15,0
DA:18,0
DA:19,0
DA:20,0
DA:26,0
DA:29,0
DA:32,0
DA:33,0
DA:36,0
DA:42,0
DA:48,0
DA:49,0
DA:55,0
DA:62,0
DA:63,0
DA:64,0
DA:68,0
DA:73,0
DA:75,0
DA:76,0
DA:77,0
DA:78,0
DA:80,0
DA:81,0
DA:85,0
DA:86,0
DA:87,0
DA:88,0
DA:89,0
DA:90,0
DA:91,0
DA:100,0
DA:105,0
DA:106,0
DA:107,0
DA:111,0
DA:113,0
DA:116,0
DA:125,0
DA:129,0
DA:141,0
DA:149,0
DA:151,0
DA:152,0
DA:153,0
DA:157,0
DA:159,0
DA:170,0
DA:182,0
DA:187,0
DA:192,0
DA:200,0
LF:61
LH:0
BRDA:63,0,0,0
BRDA:63,0,1,0
BRDA:89,1,0,0
BRDA:89,1,1,0
BRDA:106,2,0,0
BRDA:106,2,1,0
BRDA:106,3,0,0
BRDA:106,3,1,0
BRDA:152,4,0,0
BRDA:152,4,1,0
BRDA:152,5,0,0
BRDA:152,5,1,0
BRF:12
BRH:0
end_of_record
TN:
SF:src/workers/RabbitMQWorker.ts
FN:23,(anonymous_10)
FN:28,(anonymous_11)
FN:35,(anonymous_12)
FN:37,(anonymous_13)
FN:50,(anonymous_14)
FN:53,(anonymous_15)
FN:66,(anonymous_16)
FN:72,(anonymous_17)
FN:84,(anonymous_18)
FN:96,(anonymous_19)
FN:115,(anonymous_20)
FN:130,(anonymous_21)
FN:157,(anonymous_22)
FN:179,(anonymous_23)
FN:181,(anonymous_24)
FN:192,(anonymous_25)
FN:198,(anonymous_26)
FN:207,(anonymous_27)
FN:213,(anonymous_28)
FNF:19
FNH:0
FNDA:0,(anonymous_10)
FNDA:0,(anonymous_11)
FNDA:0,(anonymous_12)
FNDA:0,(anonymous_13)
FNDA:0,(anonymous_14)
FNDA:0,(anonymous_15)
FNDA:0,(anonymous_16)
FNDA:0,(anonymous_17)
FNDA:0,(anonymous_18)
FNDA:0,(anonymous_19)
FNDA:0,(anonymous_20)
FNDA:0,(anonymous_21)
FNDA:0,(anonymous_22)
FNDA:0,(anonymous_23)
FNDA:0,(anonymous_24)
FNDA:0,(anonymous_25)
FNDA:0,(anonymous_26)
FNDA:0,(anonymous_27)
FNDA:0,(anonymous_28)
DA:1,0
DA:4,0
DA:5,0
DA:6,0
DA:7,0
DA:8,0
DA:10,0
DA:12,0
DA:14,0
DA:15,0
DA:18,0
DA:20,0
DA:24,0
DA:25,0
DA:28,0
DA:29,0
DA:36,0
DA:38,0
DA:51,0
DA:54,0
DA:55,0
DA:56,0
DA:58,0
DA:62,0
DA:66,0
DA:67,0
DA:72,0
DA:73,0
DA:79,0
DA:84,0
DA:85,0
DA:90,0
DA:95,0
DA:96,0
DA:97,0
DA:102,0
DA:106,0
DA:108,0
DA:112,0
DA:116,0
DA:117,0
DA:118,0
DA:120,0
DA:121,0
DA:124,0
DA:128,0
DA:131,0
DA:132,0
DA:133,0
DA:134,0
DA:141,0
DA:161,0
DA:162,0
DA:163,0
DA:166,0
DA:167,0
DA:169,0
DA:170,0
DA:176,0
DA:180,0
DA:181,0
DA:182,0
DA:183,0
DA:187,0
DA:188,0
DA:193,0
DA:199,0
DA:204,0
DA:206,0
DA:208,0
DA:214,0
DA:222,0
DA:226,0
DA:231,0
LF:74
LH:0
BRDA:26,0,0,0
BRDA:26,0,1,0
BRDA:55,1,0,0
BRDA:55,1,1,0
BRDA:76,2,0,0
BRDA:76,2,1,0
BRDA:116,3,0,0
BRDA:116,3,1,0
BRDA:131,4,0,0
BRDA:131,4,1,0
BRDA:133,5,0,0
BRDA:133,5,1,0
BRDA:141,6,0,0
BRDA:141,6,1,0
BRDA:159,7,0,0
BRDA:166,8,0,0
BRDA:166,8,1,0
BRDA:187,9,0,0
BRDA:187,9,1,0
BRDA:187,10,0,0
BRDA:187,10,1,0
BRF:21
BRH:0
end_of_record
